New log file opened at Fri Sep 02 18:38:32 MSK 2016 by 11591@mac489rih.rambler.ramblermedia.com
Taking next connection to: 58033
New client attempting to connect on port: 58034-58033
  Address = /172.16.2.210:58033
This client on port 58034 has uuid 8529b851-f292-4402-8abe-a679800c3f99 configName activator humanReadableName Activator protocolVersion 3 featureTags Vector()
Connected Clients: activator-8529b851-f292-4402-8abe-a679800c3f99
Taking next connection to: 58033
Checking to see if clients are empty...
We have 1 non-daemon clients, continuing serving connections.
Taking next connection to: 58033
New client attempting to connect on port: 58203-58033
  Address = /172.16.2.210:58033
Handshake exception on socket: 58203
sbt.impl.ipc.HandshakeException: Unable to perform handshake
	at sbt.impl.ipc.Peer.handshake(IPC.scala:46)
	at sbt.impl.ipc.MultiClientServer.<init>(IPC.scala:150)
	at sbt.server.SbtServerSocketHandler$$anon$1.run(SbtServerSocketHandler.scala:43)
Caused by: java.io.EOFException
	at java.io.DataInputStream.readInt(DataInputStream.java:392)
	at sbt.impl.ipc.Peer.receive(IPC.scala:95)
	at sbt.impl.ipc.Peer.handshake(IPC.scala:49)
	... 2 more
Taking next connection to: 58033
New client attempting to connect on port: 58204-58033
  Address = /172.16.2.210:58033
This client on port 58204 has uuid de2943ef-bb40-4fc5-bde6-c6b7248175bf configName play-fork-run humanReadableName Play Fork Run protocolVersion 1 featureTags Vector()
Connected Clients: activator-8529b851-f292-4402-8abe-a679800c3f99, play-fork-run-de2943ef-bb40-4fc5-bde6-c6b7248175bf
Taking next connection to: 58033
Checking to see if clients are empty...
We have 1 non-daemon clients, continuing serving connections.
Taking next connection to: 58033
Checking to see if clients are empty...
We have 1 non-daemon clients, continuing serving connections.
Taking next connection to: 58033
New client attempting to connect on port: 58504-58033
  Address = /172.16.2.210:58033
Handshake exception on socket: 58504
sbt.impl.ipc.HandshakeException: Unable to perform handshake
	at sbt.impl.ipc.Peer.handshake(IPC.scala:46)
	at sbt.impl.ipc.MultiClientServer.<init>(IPC.scala:150)
	at sbt.server.SbtServerSocketHandler$$anon$1.run(SbtServerSocketHandler.scala:43)
Caused by: java.io.EOFException
	at java.io.DataInputStream.readInt(DataInputStream.java:392)
	at sbt.impl.ipc.Peer.receive(IPC.scala:95)
	at sbt.impl.ipc.Peer.handshake(IPC.scala:49)
	... 2 more
Taking next connection to: 58033
New client attempting to connect on port: 58505-58033
  Address = /172.16.2.210:58033
This client on port 58505 has uuid fa1f26fe-3000-4c07-beb9-8fa748acd8c1 configName play-fork-run humanReadableName Play Fork Run protocolVersion 1 featureTags Vector()
Connected Clients: activator-8529b851-f292-4402-8abe-a679800c3f99, play-fork-run-fa1f26fe-3000-4c07-beb9-8fa748acd8c1
Taking next connection to: 58033
Checking to see if clients are empty...
We have 1 non-daemon clients, continuing serving connections.
Taking next connection to: 58033
Checking to see if clients are empty...
We have 1 non-daemon clients, continuing serving connections.
Taking next connection to: 58033
Checking to see if clients are empty...
We have 1 non-daemon clients, continuing serving connections.
Taking next connection to: 58033
Checking to see if clients are empty...
We have 1 non-daemon clients, continuing serving connections.
Taking next connection to: 58033
