New log file opened at Fri Sep 02 15:27:36 MSK 2016 by 30918@mac290rds.rambler.ramblermedia.com
dependency descriptor has been mediated: dependency: org.scala-lang#scala-reflect;2.10.5 {compile=[compile(*), master(compile)], runtime=[runtime(*)]} => dependency: org.scala-lang#scala-reflect;2.10.4 {compile=[compile(*), master(compile)], runtime=[runtime(*)]}
dependency descriptor has been mediated: dependency: org.scala-lang#scala-library;2.10.5 {compile=[compile(*), master(compile)], runtime=[runtime(*)]} => dependency: org.scala-lang#scala-library;2.10.4 {compile=[compile(*), master(compile)], runtime=[runtime(*)]}
dependency descriptor has been mediated: dependency: org.scala-lang#scala-reflect;2.10.5 {compile=[compile(*), master(compile)], runtime=[runtime(*)]} => dependency: org.scala-lang#scala-reflect;2.10.4 {compile=[compile(*), master(compile)], runtime=[runtime(*)]}
dependency descriptor has been mediated: dependency: org.scala-lang#scala-library;2.10.6 {provided=[default(compile)]} => dependency: org.scala-lang#scala-library;2.10.4 {provided=[default(compile)]}
dependency descriptor has been mediated: dependency: org.scala-lang#scala-library;2.10.6 {provided=[default(compile)]} => dependency: org.scala-lang#scala-library;2.10.4 {provided=[default(compile)]}
== resolving dependencies com.typesafe.play#play-json_2.10;2.4.4->org.scala-lang#scala-reflect;2.10.4 [compile->compile(*)]
== resolving dependencies com.typesafe.play#play-json_2.10;2.4.4->com.fasterxml.jackson.core#jackson-core;2.5.4 [compile->master(compile)]
dependency descriptor has been mediated: dependency: org.scala-lang#scala-library;2.10.5 {compile=[compile(*), master(compile)], runtime=[runtime(*)]} => dependency: org.scala-lang#scala-library;2.10.4 {compile=[compile(*), master(compile)], runtime=[runtime(*)]}
dependency descriptor has been mediated: dependency: org.scala-lang#scala-reflect;2.10.5 {compile=[compile(*), master(compile)], runtime=[runtime(*)]} => dependency: org.scala-lang#scala-reflect;2.10.4 {compile=[compile(*), master(compile)], runtime=[runtime(*)]}
dependency descriptor has been mediated: dependency: org.scala-lang#scala-library;2.10.5 {compile=[compile(*), master(compile)], runtime=[runtime(*)]} => dependency: org.scala-lang#scala-library;2.10.4 {compile=[compile(*), master(compile)], runtime=[runtime(*)]}
dependency descriptor has been mediated: dependency: org.scala-lang#scala-reflect;2.10.5 {compile=[compile(*), master(compile)], runtime=[runtime(*)]} => dependency: org.scala-lang#scala-reflect;2.10.4 {compile=[compile(*), master(compile)], runtime=[runtime(*)]}
dependency descriptor has been mediated: dependency: org.scala-lang#scala-library;2.10.5 {compile=[compile(*), master(compile)], runtime=[runtime(*)]} => dependency: org.scala-lang#scala-library;2.10.4 {compile=[compile(*), master(compile)], runtime=[runtime(*)]}
dependency descriptor has been mediated: dependency: org.scala-lang#scala-reflect;2.10.5 {compile=[compile(*), master(compile)], runtime=[runtime(*)]} => dependency: org.scala-lang#scala-reflect;2.10.4 {compile=[compile(*), master(compile)], runtime=[runtime(*)]}
dependency descriptor has been mediated: dependency: org.scala-lang#scala-library;2.10.5 {compile=[compile(*), master(compile)], runtime=[runtime(*)]} => dependency: org.scala-lang#scala-library;2.10.4 {compile=[compile(*), master(compile)], runtime=[runtime(*)]}
dependency descriptor has been mediated: dependency: org.scala-lang#scala-reflect;2.10.5 {compile=[compile(*), master(compile)], runtime=[runtime(*)]} => dependency: org.scala-lang#scala-reflect;2.10.4 {compile=[compile(*), master(compile)], runtime=[runtime(*)]}
dependency descriptor has been mediated: dependency: org.scala-lang#scala-library;2.10.5 {compile=[compile(*), master(compile)], runtime=[runtime(*)]} => dependency: org.scala-lang#scala-library;2.10.4 {compile=[compile(*), master(compile)], runtime=[runtime(*)]}
dependency descriptor has been mediated: dependency: org.scala-lang#scala-reflect;2.10.5 {compile=[compile(*), master(compile)], runtime=[runtime(*)]} => dependency: org.scala-lang#scala-reflect;2.10.4 {compile=[compile(*), master(compile)], runtime=[runtime(*)]}
dependency descriptor has been mediated: dependency: org.scala-lang#scala-library;2.10.6 {provided=[default(compile)]} => dependency: org.scala-lang#scala-library;2.10.4 {provided=[default(compile)]}
dependency descriptor has been mediated: dependency: org.scala-lang#scala-library;2.10.6 {provided=[default(compile)]} => dependency: org.scala-lang#scala-library;2.10.4 {provided=[default(compile)]}
== resolving dependencies com.typesafe.play#play-json_2.10;2.4.4->com.fasterxml.jackson.core#jackson-core;2.5.4 [compile->compile(*)]
== resolving dependencies com.typesafe.play#play-json_2.10;2.4.4->com.fasterxml.jackson.core#jackson-annotations;2.5.4 [compile->master(compile)]
dependency descriptor has been mediated: dependency: org.scala-lang#scala-library;2.10.5 {compile=[compile(*), master(compile)], runtime=[runtime(*)]} => dependency: org.scala-lang#scala-library;2.10.4 {compile=[compile(*), master(compile)], runtime=[runtime(*)]}
dependency descriptor has been mediated: dependency: org.scala-lang#scala-reflect;2.10.5 {compile=[compile(*), master(compile)], runtime=[runtime(*)]} => dependency: org.scala-lang#scala-reflect;2.10.4 {compile=[compile(*), master(compile)], runtime=[runtime(*)]}
dependency descriptor has been mediated: dependency: org.scala-lang#scala-library;2.10.5 {compile=[compile(*), master(compile)], runtime=[runtime(*)]} => dependency: org.scala-lang#scala-library;2.10.4 {compile=[compile(*), master(compile)], runtime=[runtime(*)]}
dependency descriptor has been mediated: dependency: org.scala-lang#scala-reflect;2.10.5 {compile=[compile(*), master(compile)], runtime=[runtime(*)]} => dependency: org.scala-lang#scala-reflect;2.10.4 {compile=[compile(*), master(compile)], runtime=[runtime(*)]}
dependency descriptor has been mediated: dependency: org.scala-lang#scala-library;2.10.5 {compile=[compile(*), master(compile)], runtime=[runtime(*)]} => dependency: org.scala-lang#scala-library;2.10.4 {compile=[compile(*), master(compile)], runtime=[runtime(*)]}
dependency descriptor has been mediated: dependency: org.scala-lang#scala-reflect;2.10.5 {compile=[compile(*), master(compile)], runtime=[runtime(*)]} => dependency: org.scala-lang#scala-reflect;2.10.4 {compile=[compile(*), master(compile)], runtime=[runtime(*)]}
dependency descriptor has been mediated: dependency: org.scala-lang#scala-library;2.10.5 {compile=[compile(*), master(compile)], runtime=[runtime(*)]} => dependency: org.scala-lang#scala-library;2.10.4 {compile=[compile(*), master(compile)], runtime=[runtime(*)]}
dependency descriptor has been mediated: dependency: org.scala-lang#scala-reflect;2.10.5 {compile=[compile(*), master(compile)], runtime=[runtime(*)]} => dependency: org.scala-lang#scala-reflect;2.10.4 {compile=[compile(*), master(compile)], runtime=[runtime(*)]}
dependency descriptor has been mediated: dependency: org.scala-lang#scala-library;2.10.5 {compile=[compile(*), master(compile)], runtime=[runtime(*)]} => dependency: org.scala-lang#scala-library;2.10.4 {compile=[compile(*), master(compile)], runtime=[runtime(*)]}
dependency descriptor has been mediated: dependency: org.scala-lang#scala-reflect;2.10.5 {compile=[compile(*), master(compile)], runtime=[runtime(*)]} => dependency: org.scala-lang#scala-reflect;2.10.4 {compile=[compile(*), master(compile)], runtime=[runtime(*)]}
dependency descriptor has been mediated: dependency: org.scala-lang#scala-library;2.10.6 {provided=[default(compile)]} => dependency: org.scala-lang#scala-library;2.10.4 {provided=[default(compile)]}
dependency descriptor has been mediated: dependency: org.scala-lang#scala-library;2.10.6 {provided=[default(compile)]} => dependency: org.scala-lang#scala-library;2.10.4 {provided=[default(compile)]}
== resolving dependencies com.typesafe.play#play-json_2.10;2.4.4->com.fasterxml.jackson.core#jackson-annotations;2.5.4 [compile->compile(*)]
== resolving dependencies com.typesafe.play#play-json_2.10;2.4.4->com.fasterxml.jackson.core#jackson-databind;2.5.4 [compile->master(compile)]
dependency descriptor has been mediated: dependency: org.scala-lang#scala-library;2.10.5 {compile=[compile(*), master(compile)], runtime=[runtime(*)]} => dependency: org.scala-lang#scala-library;2.10.4 {compile=[compile(*), master(compile)], runtime=[runtime(*)]}
dependency descriptor has been mediated: dependency: org.scala-lang#scala-reflect;2.10.5 {compile=[compile(*), master(compile)], runtime=[runtime(*)]} => dependency: org.scala-lang#scala-reflect;2.10.4 {compile=[compile(*), master(compile)], runtime=[runtime(*)]}
dependency descriptor has been mediated: dependency: org.scala-lang#scala-library;2.10.5 {compile=[compile(*), master(compile)], runtime=[runtime(*)]} => dependency: org.scala-lang#scala-library;2.10.4 {compile=[compile(*), master(compile)], runtime=[runtime(*)]}
dependency descriptor has been mediated: dependency: org.scala-lang#scala-reflect;2.10.5 {compile=[compile(*), master(compile)], runtime=[runtime(*)]} => dependency: org.scala-lang#scala-reflect;2.10.4 {compile=[compile(*), master(compile)], runtime=[runtime(*)]}
dependency descriptor has been mediated: dependency: org.scala-lang#scala-library;2.10.5 {compile=[compile(*), master(compile)], runtime=[runtime(*)]} => dependency: org.scala-lang#scala-library;2.10.4 {compile=[compile(*), master(compile)], runtime=[runtime(*)]}
dependency descriptor has been mediated: dependency: org.scala-lang#scala-reflect;2.10.5 {compile=[compile(*), master(compile)], runtime=[runtime(*)]} => dependency: org.scala-lang#scala-reflect;2.10.4 {compile=[compile(*), master(compile)], runtime=[runtime(*)]}
dependency descriptor has been mediated: dependency: org.scala-lang#scala-library;2.10.5 {compile=[compile(*), master(compile)], runtime=[runtime(*)]} => dependency: org.scala-lang#scala-library;2.10.4 {compile=[compile(*), master(compile)], runtime=[runtime(*)]}
dependency descriptor has been mediated: dependency: org.scala-lang#scala-reflect;2.10.5 {compile=[compile(*), master(compile)], runtime=[runtime(*)]} => dependency: org.scala-lang#scala-reflect;2.10.4 {compile=[compile(*), master(compile)], runtime=[runtime(*)]}
dependency descriptor has been mediated: dependency: org.scala-lang#scala-library;2.10.5 {compile=[compile(*), master(compile)], runtime=[runtime(*)]} => dependency: org.scala-lang#scala-library;2.10.4 {compile=[compile(*), master(compile)], runtime=[runtime(*)]}
dependency descriptor has been mediated: dependency: org.scala-lang#scala-reflect;2.10.5 {compile=[compile(*), master(compile)], runtime=[runtime(*)]} => dependency: org.scala-lang#scala-reflect;2.10.4 {compile=[compile(*), master(compile)], runtime=[runtime(*)]}
dependency descriptor has been mediated: dependency: org.scala-lang#scala-library;2.10.6 {provided=[default(compile)]} => dependency: org.scala-lang#scala-library;2.10.4 {provided=[default(compile)]}
dependency descriptor has been mediated: dependency: org.scala-lang#scala-library;2.10.6 {provided=[default(compile)]} => dependency: org.scala-lang#scala-library;2.10.4 {provided=[default(compile)]}
== resolving dependencies com.typesafe.play#play-json_2.10;2.4.4->com.fasterxml.jackson.core#jackson-databind;2.5.4 [compile->compile(*)]
== resolving dependencies com.fasterxml.jackson.core#jackson-databind;2.5.4->com.fasterxml.jackson.core#jackson-annotations;2.5.0 [compile->master(compile)]
== resolving dependencies com.fasterxml.jackson.core#jackson-databind;2.5.4->com.fasterxml.jackson.core#jackson-annotations;2.5.4 [compile->master(compile)]
== resolving dependencies com.fasterxml.jackson.core#jackson-databind;2.5.4->com.fasterxml.jackson.core#jackson-annotations;2.5.0 [compile->compile(*)]
== resolving dependencies com.fasterxml.jackson.core#jackson-databind;2.5.4->com.fasterxml.jackson.core#jackson-annotations;2.5.4 [compile->compile(*)]
== resolving dependencies com.fasterxml.jackson.core#jackson-databind;2.5.4->com.fasterxml.jackson.core#jackson-core;2.5.4 [compile->master(compile)]
== resolving dependencies com.fasterxml.jackson.core#jackson-databind;2.5.4->com.fasterxml.jackson.core#jackson-core;2.5.4 [compile->compile(*)]
== resolving dependencies com.typesafe.play#play-json_2.10;2.4.4->com.fasterxml.jackson.datatype#jackson-datatype-jdk8;2.5.4 [compile->master(compile)]
dependency descriptor has been mediated: dependency: org.scala-lang#scala-library;2.10.5 {compile=[compile(*), master(compile)], runtime=[runtime(*)]} => dependency: org.scala-lang#scala-library;2.10.4 {compile=[compile(*), master(compile)], runtime=[runtime(*)]}
dependency descriptor has been mediated: dependency: org.scala-lang#scala-reflect;2.10.5 {compile=[compile(*), master(compile)], runtime=[runtime(*)]} => dependency: org.scala-lang#scala-reflect;2.10.4 {compile=[compile(*), master(compile)], runtime=[runtime(*)]}
dependency descriptor has been mediated: dependency: org.scala-lang#scala-library;2.10.5 {compile=[compile(*), master(compile)], runtime=[runtime(*)]} => dependency: org.scala-lang#scala-library;2.10.4 {compile=[compile(*), master(compile)], runtime=[runtime(*)]}
dependency descriptor has been mediated: dependency: org.scala-lang#scala-reflect;2.10.5 {compile=[compile(*), master(compile)], runtime=[runtime(*)]} => dependency: org.scala-lang#scala-reflect;2.10.4 {compile=[compile(*), master(compile)], runtime=[runtime(*)]}
dependency descriptor has been mediated: dependency: org.scala-lang#scala-library;2.10.5 {compile=[compile(*), master(compile)], runtime=[runtime(*)]} => dependency: org.scala-lang#scala-library;2.10.4 {compile=[compile(*), master(compile)], runtime=[runtime(*)]}
dependency descriptor has been mediated: dependency: org.scala-lang#scala-reflect;2.10.5 {compile=[compile(*), master(compile)], runtime=[runtime(*)]} => dependency: org.scala-lang#scala-reflect;2.10.4 {compile=[compile(*), master(compile)], runtime=[runtime(*)]}
dependency descriptor has been mediated: dependency: org.scala-lang#scala-library;2.10.5 {compile=[compile(*), master(compile)], runtime=[runtime(*)]} => dependency: org.scala-lang#scala-library;2.10.4 {compile=[compile(*), master(compile)], runtime=[runtime(*)]}
dependency descriptor has been mediated: dependency: org.scala-lang#scala-reflect;2.10.5 {compile=[compile(*), master(compile)], runtime=[runtime(*)]} => dependency: org.scala-lang#scala-reflect;2.10.4 {compile=[compile(*), master(compile)], runtime=[runtime(*)]}
dependency descriptor has been mediated: dependency: org.scala-lang#scala-library;2.10.5 {compile=[compile(*), master(compile)], runtime=[runtime(*)]} => dependency: org.scala-lang#scala-library;2.10.4 {compile=[compile(*), master(compile)], runtime=[runtime(*)]}
dependency descriptor has been mediated: dependency: org.scala-lang#scala-reflect;2.10.5 {compile=[compile(*), master(compile)], runtime=[runtime(*)]} => dependency: org.scala-lang#scala-reflect;2.10.4 {compile=[compile(*), master(compile)], runtime=[runtime(*)]}
dependency descriptor has been mediated: dependency: org.scala-lang#scala-library;2.10.6 {provided=[default(compile)]} => dependency: org.scala-lang#scala-library;2.10.4 {provided=[default(compile)]}
dependency descriptor has been mediated: dependency: org.scala-lang#scala-library;2.10.6 {provided=[default(compile)]} => dependency: org.scala-lang#scala-library;2.10.4 {provided=[default(compile)]}
dependency descriptor has been mediated: dependency: org.scala-lang#scala-compiler;2.10.4 {scala-tool=[default, optional(default)]} => dependency: org.scala-lang#scala-compiler;2.10.4 {scala-tool=[default, optional(default)]}
dependency descriptor has been mediated: sbt.ivyint.MergedDescriptors@666466f6 => sbt.ivyint.MergedDescriptors@2fdd089
dependency descriptor has been mediated: dependency: org.scala-lang#scala-compiler;2.10.4 {scala-tool=[default, optional(default)]} => dependency: org.scala-lang#scala-compiler;2.10.4 {scala-tool=[default, optional(default)]}
dependency descriptor has been mediated: sbt.ivyint.MergedDescriptors@666466f6 => sbt.ivyint.MergedDescriptors@1fd3f8c0
dependency descriptor has been mediated: dependency: org.scala-lang#scala-compiler;2.10.4 {scala-tool=[default, optional(default)]} => dependency: org.scala-lang#scala-compiler;2.10.4 {scala-tool=[default, optional(default)]}
dependency descriptor has been mediated: sbt.ivyint.MergedDescriptors@666466f6 => sbt.ivyint.MergedDescriptors@3109ffc
dependency descriptor has been mediated: dependency: org.scala-lang#scala-compiler;2.10.4 {scala-tool=[default, optional(default)]} => dependency: org.scala-lang#scala-compiler;2.10.4 {scala-tool=[default, optional(default)]}
dependency descriptor has been mediated: sbt.ivyint.MergedDescriptors@666466f6 => sbt.ivyint.MergedDescriptors@1989b45e
dependency descriptor has been mediated: dependency: org.scala-lang#scala-compiler;2.10.4 {scala-tool=[default, optional(default)]} => dependency: org.scala-lang#scala-compiler;2.10.4 {scala-tool=[default, optional(default)]}
dependency descriptor has been mediated: sbt.ivyint.MergedDescriptors@666466f6 => sbt.ivyint.MergedDescriptors@759c567e
dependency descriptor has been mediated: dependency: org.scala-lang#scala-compiler;2.10.4 {scala-tool=[default, optional(default)]} => dependency: org.scala-lang#scala-compiler;2.10.4 {scala-tool=[default, optional(default)]}
dependency descriptor has been mediated: sbt.ivyint.MergedDescriptors@666466f6 => sbt.ivyint.MergedDescriptors@7589b5f5
== resolving dependencies com.typesafe.play#play-json_2.10;2.4.4->com.fasterxml.jackson.datatype#jackson-datatype-jdk8;2.5.4 [compile->compile(*)]
== resolving dependencies com.fasterxml.jackson.datatype#jackson-datatype-jdk8;2.5.4->com.fasterxml.jackson.core#jackson-core;2.5.4 [compile->master(compile)]
== resolving dependencies com.fasterxml.jackson.datatype#jackson-datatype-jdk8;2.5.4->com.fasterxml.jackson.core#jackson-core;2.5.4 [compile->compile(*)]
== resolving dependencies com.fasterxml.jackson.datatype#jackson-datatype-jdk8;2.5.4->com.fasterxml.jackson.core#jackson-databind;2.5.4 [compile->master(compile)]
== resolving dependencies com.fasterxml.jackson.datatype#jackson-datatype-jdk8;2.5.4->com.fasterxml.jackson.core#jackson-databind;2.5.4 [compile->compile(*)]
== resolving dependencies com.typesafe.play#play-json_2.10;2.4.4->com.fasterxml.jackson.datatype#jackson-datatype-jsr310;2.5.4 [compile->master(compile)]
dependency descriptor has been mediated: dependency: org.scala-lang#scala-library;2.10.5 {compile=[compile(*), master(compile)], runtime=[runtime(*)]} => dependency: org.scala-lang#scala-library;2.10.4 {compile=[compile(*), master(compile)], runtime=[runtime(*)]}
dependency descriptor has been mediated: dependency: org.scala-lang#scala-reflect;2.10.5 {compile=[compile(*), master(compile)], runtime=[runtime(*)]} => dependency: org.scala-lang#scala-reflect;2.10.4 {compile=[compile(*), master(compile)], runtime=[runtime(*)]}
dependency descriptor has been mediated: dependency: org.scala-lang#scala-library;2.10.5 {compile=[compile(*), master(compile)], runtime=[runtime(*)]} => dependency: org.scala-lang#scala-library;2.10.4 {compile=[compile(*), master(compile)], runtime=[runtime(*)]}
dependency descriptor has been mediated: dependency: org.scala-lang#scala-reflect;2.10.5 {compile=[compile(*), master(compile)], runtime=[runtime(*)]} => dependency: org.scala-lang#scala-reflect;2.10.4 {compile=[compile(*), master(compile)], runtime=[runtime(*)]}
dependency descriptor has been mediated: dependency: org.scala-lang#scala-library;2.10.5 {compile=[compile(*), master(compile)], runtime=[runtime(*)]} => dependency: org.scala-lang#scala-library;2.10.4 {compile=[compile(*), master(compile)], runtime=[runtime(*)]}
dependency descriptor has been mediated: dependency: org.scala-lang#scala-reflect;2.10.5 {compile=[compile(*), master(compile)], runtime=[runtime(*)]} => dependency: org.scala-lang#scala-reflect;2.10.4 {compile=[compile(*), master(compile)], runtime=[runtime(*)]}
dependency descriptor has been mediated: dependency: org.scala-lang#scala-library;2.10.5 {compile=[compile(*), master(compile)], runtime=[runtime(*)]} => dependency: org.scala-lang#scala-library;2.10.4 {compile=[compile(*), master(compile)], runtime=[runtime(*)]}
dependency descriptor has been mediated: dependency: org.scala-lang#scala-reflect;2.10.5 {compile=[compile(*), master(compile)], runtime=[runtime(*)]} => dependency: org.scala-lang#scala-reflect;2.10.4 {compile=[compile(*), master(compile)], runtime=[runtime(*)]}
dependency descriptor has been mediated: dependency: org.scala-lang#scala-library;2.10.5 {compile=[compile(*), master(compile)], runtime=[runtime(*)]} => dependency: org.scala-lang#scala-library;2.10.4 {compile=[compile(*), master(compile)], runtime=[runtime(*)]}
dependency descriptor has been mediated: dependency: org.scala-lang#scala-reflect;2.10.5 {compile=[compile(*), master(compile)], runtime=[runtime(*)]} => dependency: org.scala-lang#scala-reflect;2.10.4 {compile=[compile(*), master(compile)], runtime=[runtime(*)]}
dependency descriptor has been mediated: dependency: org.scala-lang#scala-library;2.10.6 {provided=[default(compile)]} => dependency: org.scala-lang#scala-library;2.10.4 {provided=[default(compile)]}
dependency descriptor has been mediated: dependency: org.scala-lang#scala-library;2.10.6 {provided=[default(compile)]} => dependency: org.scala-lang#scala-library;2.10.4 {provided=[default(compile)]}
dependency descriptor has been mediated: dependency: org.scala-lang#scala-compiler;2.10.4 {scala-tool=[default, optional(default)]} => dependency: org.scala-lang#scala-compiler;2.10.4 {scala-tool=[default, optional(default)]}
dependency descriptor has been mediated: sbt.ivyint.MergedDescriptors@666466f6 => sbt.ivyint.MergedDescriptors@9b8ea56
dependency descriptor has been mediated: dependency: org.scala-lang#scala-compiler;2.10.4 {scala-tool=[default, optional(default)]} => dependency: org.scala-lang#scala-compiler;2.10.4 {scala-tool=[default, optional(default)]}
dependency descriptor has been mediated: sbt.ivyint.MergedDescriptors@666466f6 => sbt.ivyint.MergedDescriptors@72fcd7b5
dependency descriptor has been mediated: dependency: org.scala-lang#scala-compiler;2.10.4 {scala-tool=[default, optional(default)]} => dependency: org.scala-lang#scala-compiler;2.10.4 {scala-tool=[default, optional(default)]}
dependency descriptor has been mediated: sbt.ivyint.MergedDescriptors@666466f6 => sbt.ivyint.MergedDescriptors@266241b9
dependency descriptor has been mediated: dependency: org.scala-lang#scala-compiler;2.10.4 {scala-tool=[default, optional(default)]} => dependency: org.scala-lang#scala-compiler;2.10.4 {scala-tool=[default, optional(default)]}
dependency descriptor has been mediated: sbt.ivyint.MergedDescriptors@666466f6 => sbt.ivyint.MergedDescriptors@217f4868
dependency descriptor has been mediated: dependency: org.scala-lang#scala-compiler;2.10.4 {scala-tool=[default, optional(default)]} => dependency: org.scala-lang#scala-compiler;2.10.4 {scala-tool=[default, optional(default)]}
dependency descriptor has been mediated: sbt.ivyint.MergedDescriptors@666466f6 => sbt.ivyint.MergedDescriptors@6fdbec4b
dependency descriptor has been mediated: dependency: org.scala-lang#scala-compiler;2.10.4 {scala-tool=[default, optional(default)]} => dependency: org.scala-lang#scala-compiler;2.10.4 {scala-tool=[default, optional(default)]}
dependency descriptor has been mediated: sbt.ivyint.MergedDescriptors@666466f6 => sbt.ivyint.MergedDescriptors@7b8ecf7a
== resolving dependencies com.typesafe.play#play-json_2.10;2.4.4->com.fasterxml.jackson.datatype#jackson-datatype-jsr310;2.5.4 [compile->compile(*)]
== resolving dependencies com.fasterxml.jackson.datatype#jackson-datatype-jsr310;2.5.4->com.fasterxml.jackson.core#jackson-core;2.5.4 [compile->master(compile)]
== resolving dependencies com.fasterxml.jackson.datatype#jackson-datatype-jsr310;2.5.4->com.fasterxml.jackson.core#jackson-core;2.5.4 [compile->compile(*)]
== resolving dependencies com.fasterxml.jackson.datatype#jackson-datatype-jsr310;2.5.4->com.fasterxml.jackson.core#jackson-databind;2.5.4 [compile->master(compile)]
== resolving dependencies com.fasterxml.jackson.datatype#jackson-datatype-jsr310;2.5.4->com.fasterxml.jackson.core#jackson-databind;2.5.4 [compile->compile(*)]
dependency descriptor has been mediated: dependency: org.scala-lang#scala-library;2.10.5 {compile=[compile(*), master(compile)], runtime=[runtime(*)]} => dependency: org.scala-lang#scala-library;2.10.4 {compile=[compile(*), master(compile)], runtime=[runtime(*)]}
dependency descriptor has been mediated: dependency: org.scala-lang#scala-reflect;2.10.5 {compile=[compile(*), master(compile)], runtime=[runtime(*)]} => dependency: org.scala-lang#scala-reflect;2.10.4 {compile=[compile(*), master(compile)], runtime=[runtime(*)]}
== resolving dependencies com.typesafe.play#play-json_2.10;2.4.4->org.scala-lang#scala-library;2.10.4 [runtime->runtime(*)]
== resolving dependencies com.typesafe.play#play-json_2.10;2.4.4->org.scala-lang#scala-library;2.10.4 [runtime->compile]
== resolving dependencies com.typesafe.play#play-json_2.10;2.4.4->com.typesafe.play#play-iteratees_2.10;2.4.4 [runtime->runtime(*)]
== resolving dependencies com.typesafe.play#play-json_2.10;2.4.4->com.typesafe.play#play-iteratees_2.10;2.4.4 [runtime->compile]
dependency descriptor has been mediated: dependency: org.scala-lang#scala-library;2.10.5 {compile=[compile(*), master(compile)], runtime=[runtime(*)]} => dependency: org.scala-lang#scala-library;2.10.4 {compile=[compile(*), master(compile)], runtime=[runtime(*)]}
== resolving dependencies com.typesafe.play#play-iteratees_2.10;2.4.4->org.scala-lang#scala-library;2.10.4 [runtime->runtime(*)]
== resolving dependencies com.typesafe.play#play-iteratees_2.10;2.4.4->org.scala-lang#scala-library;2.10.4 [runtime->compile]
== resolving dependencies com.typesafe.play#play-iteratees_2.10;2.4.4->org.scala-stm#scala-stm_2.10;0.7 [runtime->runtime(*)]
== resolving dependencies com.typesafe.play#play-iteratees_2.10;2.4.4->org.scala-stm#scala-stm_2.10;0.7 [runtime->compile]
dependency descriptor has been mediated: dependency: org.scala-lang#scala-library;2.10.0 {compile=[compile(*), master(compile)], runtime=[runtime(*)]} => dependency: org.scala-lang#scala-library;2.10.4 {compile=[compile(*), master(compile)], runtime=[runtime(*)]}
== resolving dependencies org.scala-stm#scala-stm_2.10;0.7->org.scala-lang#scala-library;2.10.4 [runtime->runtime(*)]
== resolving dependencies org.scala-stm#scala-stm_2.10;0.7->org.scala-lang#scala-library;2.10.4 [runtime->compile]
== resolving dependencies com.typesafe.play#play-iteratees_2.10;2.4.4->com.typesafe#config;1.3.0 [runtime->runtime(*)]
== resolving dependencies com.typesafe.play#play-iteratees_2.10;2.4.4->com.typesafe#config;1.3.0 [runtime->compile]
== resolving dependencies com.typesafe.play#play-json_2.10;2.4.4->com.typesafe.play#play-functional_2.10;2.4.4 [runtime->runtime(*)]
== resolving dependencies com.typesafe.play#play-json_2.10;2.4.4->com.typesafe.play#play-functional_2.10;2.4.4 [runtime->compile]
dependency descriptor has been mediated: dependency: org.scala-lang#scala-library;2.10.5 {compile=[compile(*), master(compile)], runtime=[runtime(*)]} => dependency: org.scala-lang#scala-library;2.10.4 {compile=[compile(*), master(compile)], runtime=[runtime(*)]}
== resolving dependencies com.typesafe.play#play-functional_2.10;2.4.4->org.scala-lang#scala-library;2.10.4 [runtime->runtime(*)]
== resolving dependencies com.typesafe.play#play-functional_2.10;2.4.4->org.scala-lang#scala-library;2.10.4 [runtime->compile]
== resolving dependencies com.typesafe.play#play-json_2.10;2.4.4->com.typesafe.play#play-datacommons_2.10;2.4.4 [runtime->runtime(*)]
== resolving dependencies com.typesafe.play#play-json_2.10;2.4.4->com.typesafe.play#play-datacommons_2.10;2.4.4 [runtime->compile]
dependency descriptor has been mediated: dependency: org.scala-lang#scala-library;2.10.5 {compile=[compile(*), master(compile)], runtime=[runtime(*)]} => dependency: org.scala-lang#scala-library;2.10.4 {compile=[compile(*), master(compile)], runtime=[runtime(*)]}
== resolving dependencies com.typesafe.play#play-datacommons_2.10;2.4.4->org.scala-lang#scala-library;2.10.4 [runtime->runtime(*)]
== resolving dependencies com.typesafe.play#play-datacommons_2.10;2.4.4->org.scala-lang#scala-library;2.10.4 [runtime->compile]
== resolving dependencies com.typesafe.play#play-json_2.10;2.4.4->joda-time#joda-time;2.8.1 [runtime->runtime(*)]
== resolving dependencies com.typesafe.play#play-json_2.10;2.4.4->joda-time#joda-time;2.8.1 [runtime->compile]
== resolving dependencies com.typesafe.play#play-json_2.10;2.4.4->org.joda#joda-convert;1.7 [runtime->runtime(*)]
== resolving dependencies com.typesafe.play#play-json_2.10;2.4.4->org.joda#joda-convert;1.7 [runtime->compile]
== resolving dependencies com.typesafe.play#play-json_2.10;2.4.4->org.scala-lang#scala-reflect;2.10.4 [runtime->runtime(*)]
== resolving dependencies com.typesafe.play#play-json_2.10;2.4.4->org.scala-lang#scala-reflect;2.10.4 [runtime->compile]
== resolving dependencies com.typesafe.play#play-json_2.10;2.4.4->com.fasterxml.jackson.core#jackson-core;2.5.4 [runtime->runtime(*)]
== resolving dependencies com.typesafe.play#play-json_2.10;2.4.4->com.fasterxml.jackson.core#jackson-core;2.5.4 [runtime->compile]
== resolving dependencies com.typesafe.play#play-json_2.10;2.4.4->com.fasterxml.jackson.core#jackson-annotations;2.5.4 [runtime->runtime(*)]
== resolving dependencies com.typesafe.play#play-json_2.10;2.4.4->com.fasterxml.jackson.core#jackson-annotations;2.5.4 [runtime->compile]
== resolving dependencies com.typesafe.play#play-json_2.10;2.4.4->com.fasterxml.jackson.core#jackson-databind;2.5.4 [runtime->runtime(*)]
== resolving dependencies com.typesafe.play#play-json_2.10;2.4.4->com.fasterxml.jackson.core#jackson-databind;2.5.4 [runtime->compile]
== resolving dependencies com.fasterxml.jackson.core#jackson-databind;2.5.4->com.fasterxml.jackson.core#jackson-annotations;2.5.0 [runtime->runtime(*)]
== resolving dependencies com.fasterxml.jackson.core#jackson-databind;2.5.4->com.fasterxml.jackson.core#jackson-annotations;2.5.4 [runtime->runtime(*)]
== resolving dependencies com.fasterxml.jackson.core#jackson-databind;2.5.4->com.fasterxml.jackson.core#jackson-annotations;2.5.4 [runtime->compile]
== resolving dependencies com.fasterxml.jackson.core#jackson-databind;2.5.4->com.fasterxml.jackson.core#jackson-core;2.5.4 [runtime->runtime(*)]
== resolving dependencies com.fasterxml.jackson.core#jackson-databind;2.5.4->com.fasterxml.jackson.core#jackson-core;2.5.4 [runtime->compile]
== resolving dependencies com.typesafe.play#play-json_2.10;2.4.4->com.fasterxml.jackson.datatype#jackson-datatype-jdk8;2.5.4 [runtime->runtime(*)]
== resolving dependencies com.typesafe.play#play-json_2.10;2.4.4->com.fasterxml.jackson.datatype#jackson-datatype-jdk8;2.5.4 [runtime->compile]
== resolving dependencies com.fasterxml.jackson.datatype#jackson-datatype-jdk8;2.5.4->com.fasterxml.jackson.core#jackson-core;2.5.4 [runtime->runtime(*)]
== resolving dependencies com.fasterxml.jackson.datatype#jackson-datatype-jdk8;2.5.4->com.fasterxml.jackson.core#jackson-core;2.5.4 [runtime->compile]
== resolving dependencies com.fasterxml.jackson.datatype#jackson-datatype-jdk8;2.5.4->com.fasterxml.jackson.core#jackson-databind;2.5.4 [runtime->runtime(*)]
== resolving dependencies com.fasterxml.jackson.datatype#jackson-datatype-jdk8;2.5.4->com.fasterxml.jackson.core#jackson-databind;2.5.4 [runtime->compile]
== resolving dependencies com.typesafe.play#play-json_2.10;2.4.4->com.fasterxml.jackson.datatype#jackson-datatype-jsr310;2.5.4 [runtime->runtime(*)]
== resolving dependencies com.typesafe.play#play-json_2.10;2.4.4->com.fasterxml.jackson.datatype#jackson-datatype-jsr310;2.5.4 [runtime->compile]
== resolving dependencies com.fasterxml.jackson.datatype#jackson-datatype-jsr310;2.5.4->com.fasterxml.jackson.core#jackson-core;2.5.4 [runtime->runtime(*)]
== resolving dependencies com.fasterxml.jackson.datatype#jackson-datatype-jsr310;2.5.4->com.fasterxml.jackson.core#jackson-core;2.5.4 [runtime->compile]
== resolving dependencies com.fasterxml.jackson.datatype#jackson-datatype-jsr310;2.5.4->com.fasterxml.jackson.core#jackson-databind;2.5.4 [runtime->runtime(*)]
== resolving dependencies com.fasterxml.jackson.datatype#jackson-datatype-jsr310;2.5.4->com.fasterxml.jackson.core#jackson-databind;2.5.4 [runtime->compile]
== resolving dependencies org.irundaia.sbt#sbt-sassify;1.4.2->com.typesafe.play#play-json_2.10;2.4.4 [compile->master]
dependency descriptor has been mediated: dependency: org.scala-lang#scala-library;2.10.5 {compile=[compile(*), master(compile)], runtime=[runtime(*)]} => dependency: org.scala-lang#scala-library;2.10.4 {compile=[compile(*), master(compile)], runtime=[runtime(*)]}
dependency descriptor has been mediated: dependency: org.scala-lang#scala-reflect;2.10.5 {compile=[compile(*), master(compile)], runtime=[runtime(*)]} => dependency: org.scala-lang#scala-reflect;2.10.4 {compile=[compile(*), master(compile)], runtime=[runtime(*)]}
dependency descriptor has been mediated: dependency: org.scala-lang#scala-library;2.10.5 {compile=[compile(*), master(compile)], runtime=[runtime(*)]} => dependency: org.scala-lang#scala-library;2.10.4 {compile=[compile(*), master(compile)], runtime=[runtime(*)]}
dependency descriptor has been mediated: dependency: org.scala-lang#scala-reflect;2.10.5 {compile=[compile(*), master(compile)], runtime=[runtime(*)]} => dependency: org.scala-lang#scala-reflect;2.10.4 {compile=[compile(*), master(compile)], runtime=[runtime(*)]}
== resolving dependencies org.irundaia.sbt#sbt-sassify;1.4.2->com.nativelibs4java#jnaerator-runtime;0.12 [compile->default(compile)]
dependency descriptor has been mediated: dependency: org.scala-lang#scala-library;2.10.6 {provided=[default(compile)]} => dependency: org.scala-lang#scala-library;2.10.4 {provided=[default(compile)]}
dependency descriptor has been mediated: dependency: org.scala-lang#scala-library;2.10.6 {provided=[default(compile)]} => dependency: org.scala-lang#scala-library;2.10.4 {provided=[default(compile)]}
dependency descriptor has been mediated: dependency: org.scala-lang#scala-compiler;2.10.4 {scala-tool=[default, optional(default)]} => dependency: org.scala-lang#scala-compiler;2.10.4 {scala-tool=[default, optional(default)]}
dependency descriptor has been mediated: sbt.ivyint.MergedDescriptors@666466f6 => sbt.ivyint.MergedDescriptors@5b0b49d5
dependency descriptor has been mediated: dependency: org.scala-lang#scala-compiler;2.10.4 {scala-tool=[default, optional(default)]} => dependency: org.scala-lang#scala-compiler;2.10.4 {scala-tool=[default, optional(default)]}
dependency descriptor has been mediated: sbt.ivyint.MergedDescriptors@666466f6 => sbt.ivyint.MergedDescriptors@1ff7b907
dependency descriptor has been mediated: dependency: org.scala-lang#scala-compiler;2.10.4 {scala-tool=[default, optional(default)]} => dependency: org.scala-lang#scala-compiler;2.10.4 {scala-tool=[default, optional(default)]}
dependency descriptor has been mediated: sbt.ivyint.MergedDescriptors@666466f6 => sbt.ivyint.MergedDescriptors@7e7e2b43
dependency descriptor has been mediated: dependency: org.scala-lang#scala-compiler;2.10.4 {scala-tool=[default, optional(default)]} => dependency: org.scala-lang#scala-compiler;2.10.4 {scala-tool=[default, optional(default)]}
dependency descriptor has been mediated: sbt.ivyint.MergedDescriptors@666466f6 => sbt.ivyint.MergedDescriptors@2f2ce07c
dependency descriptor has been mediated: dependency: org.scala-lang#scala-compiler;2.10.4 {scala-tool=[default, optional(default)]} => dependency: org.scala-lang#scala-compiler;2.10.4 {scala-tool=[default, optional(default)]}
dependency descriptor has been mediated: sbt.ivyint.MergedDescriptors@666466f6 => sbt.ivyint.MergedDescriptors@2ee841ad
dependency descriptor has been mediated: dependency: org.scala-lang#scala-compiler;2.10.4 {scala-tool=[default, optional(default)]} => dependency: org.scala-lang#scala-compiler;2.10.4 {scala-tool=[default, optional(default)]}
dependency descriptor has been mediated: sbt.ivyint.MergedDescriptors@666466f6 => sbt.ivyint.MergedDescriptors@c75eaf6
== resolving dependencies org.irundaia.sbt#sbt-sassify;1.4.2->com.nativelibs4java#jnaerator-runtime;0.12 [compile->runtime]
== resolving dependencies org.irundaia.sbt#sbt-sassify;1.4.2->com.nativelibs4java#jnaerator-runtime;0.12 [compile->compile]
== resolving dependencies com.nativelibs4java#jnaerator-runtime;0.12->com.nativelibs4java#ochafik-util;0.12 [compile->master(compile)]
dependency descriptor has been mediated: dependency: org.scala-lang#scala-library;2.10.6 {provided=[default(compile)]} => dependency: org.scala-lang#scala-library;2.10.4 {provided=[default(compile)]}
dependency descriptor has been mediated: dependency: org.scala-lang#scala-library;2.10.6 {provided=[default(compile)]} => dependency: org.scala-lang#scala-library;2.10.4 {provided=[default(compile)]}
dependency descriptor has been mediated: dependency: org.scala-lang#scala-compiler;2.10.4 {scala-tool=[default, optional(default)]} => dependency: org.scala-lang#scala-compiler;2.10.4 {scala-tool=[default, optional(default)]}
dependency descriptor has been mediated: sbt.ivyint.MergedDescriptors@666466f6 => sbt.ivyint.MergedDescriptors@4b39d31f
dependency descriptor has been mediated: dependency: org.scala-lang#scala-compiler;2.10.4 {scala-tool=[default, optional(default)]} => dependency: org.scala-lang#scala-compiler;2.10.4 {scala-tool=[default, optional(default)]}
dependency descriptor has been mediated: sbt.ivyint.MergedDescriptors@666466f6 => sbt.ivyint.MergedDescriptors@273016fc
dependency descriptor has been mediated: dependency: org.scala-lang#scala-compiler;2.10.4 {scala-tool=[default, optional(default)]} => dependency: org.scala-lang#scala-compiler;2.10.4 {scala-tool=[default, optional(default)]}
dependency descriptor has been mediated: sbt.ivyint.MergedDescriptors@666466f6 => sbt.ivyint.MergedDescriptors@4b17ab6
dependency descriptor has been mediated: dependency: org.scala-lang#scala-compiler;2.10.4 {scala-tool=[default, optional(default)]} => dependency: org.scala-lang#scala-compiler;2.10.4 {scala-tool=[default, optional(default)]}
dependency descriptor has been mediated: sbt.ivyint.MergedDescriptors@666466f6 => sbt.ivyint.MergedDescriptors@70fb7894
dependency descriptor has been mediated: dependency: org.scala-lang#scala-compiler;2.10.4 {scala-tool=[default, optional(default)]} => dependency: org.scala-lang#scala-compiler;2.10.4 {scala-tool=[default, optional(default)]}
dependency descriptor has been mediated: sbt.ivyint.MergedDescriptors@666466f6 => sbt.ivyint.MergedDescriptors@75dfecbf
dependency descriptor has been mediated: dependency: org.scala-lang#scala-compiler;2.10.4 {scala-tool=[default, optional(default)]} => dependency: org.scala-lang#scala-compiler;2.10.4 {scala-tool=[default, optional(default)]}
dependency descriptor has been mediated: sbt.ivyint.MergedDescriptors@666466f6 => sbt.ivyint.MergedDescriptors@527f930e
== resolving dependencies com.nativelibs4java#jnaerator-runtime;0.12->com.nativelibs4java#ochafik-util;0.12 [compile->compile(*)]
== resolving dependencies com.nativelibs4java#jnaerator-runtime;0.12->net.java.dev.jna#jna;4.1.0 [compile->master(compile)]
dependency descriptor has been mediated: dependency: org.scala-lang#scala-library;2.10.6 {provided=[default(compile)]} => dependency: org.scala-lang#scala-library;2.10.4 {provided=[default(compile)]}
dependency descriptor has been mediated: dependency: org.scala-lang#scala-library;2.10.6 {provided=[default(compile)]} => dependency: org.scala-lang#scala-library;2.10.4 {provided=[default(compile)]}
dependency descriptor has been mediated: dependency: org.scala-lang#scala-compiler;2.10.4 {scala-tool=[default, optional(default)]} => dependency: org.scala-lang#scala-compiler;2.10.4 {scala-tool=[default, optional(default)]}
dependency descriptor has been mediated: sbt.ivyint.MergedDescriptors@666466f6 => sbt.ivyint.MergedDescriptors@7680cbc3
dependency descriptor has been mediated: dependency: org.scala-lang#scala-compiler;2.10.4 {scala-tool=[default, optional(default)]} => dependency: org.scala-lang#scala-compiler;2.10.4 {scala-tool=[default, optional(default)]}
dependency descriptor has been mediated: sbt.ivyint.MergedDescriptors@666466f6 => sbt.ivyint.MergedDescriptors@7cb07bb8
dependency descriptor has been mediated: dependency: org.scala-lang#scala-compiler;2.10.4 {scala-tool=[default, optional(default)]} => dependency: org.scala-lang#scala-compiler;2.10.4 {scala-tool=[default, optional(default)]}
dependency descriptor has been mediated: sbt.ivyint.MergedDescriptors@666466f6 => sbt.ivyint.MergedDescriptors@52f970c3
dependency descriptor has been mediated: dependency: org.scala-lang#scala-compiler;2.10.4 {scala-tool=[default, optional(default)]} => dependency: org.scala-lang#scala-compiler;2.10.4 {scala-tool=[default, optional(default)]}
dependency descriptor has been mediated: sbt.ivyint.MergedDescriptors@666466f6 => sbt.ivyint.MergedDescriptors@2ea8987e
dependency descriptor has been mediated: dependency: org.scala-lang#scala-compiler;2.10.4 {scala-tool=[default, optional(default)]} => dependency: org.scala-lang#scala-compiler;2.10.4 {scala-tool=[default, optional(default)]}
dependency descriptor has been mediated: sbt.ivyint.MergedDescriptors@666466f6 => sbt.ivyint.MergedDescriptors@5e8680bb
dependency descriptor has been mediated: dependency: org.scala-lang#scala-compiler;2.10.4 {scala-tool=[default, optional(default)]} => dependency: org.scala-lang#scala-compiler;2.10.4 {scala-tool=[default, optional(default)]}
dependency descriptor has been mediated: sbt.ivyint.MergedDescriptors@666466f6 => sbt.ivyint.MergedDescriptors@21145d68
== resolving dependencies com.nativelibs4java#jnaerator-runtime;0.12->net.java.dev.jna#jna;4.1.0 [compile->compile(*)]
== resolving dependencies com.nativelibs4java#jnaerator-runtime;0.12->com.nativelibs4java#ochafik-util;0.12 [runtime->runtime(*)]
== resolving dependencies com.nativelibs4java#jnaerator-runtime;0.12->com.nativelibs4java#ochafik-util;0.12 [runtime->compile]
== resolving dependencies com.nativelibs4java#jnaerator-runtime;0.12->net.java.dev.jna#jna;4.1.0 [runtime->runtime(*)]
== resolving dependencies com.nativelibs4java#jnaerator-runtime;0.12->net.java.dev.jna#jna;4.1.0 [runtime->compile]
== resolving dependencies org.irundaia.sbt#sbt-sassify;1.4.2->com.nativelibs4java#jnaerator-runtime;0.12 [compile->master]
== resolving dependencies default#javablogs-build;0.1-SNAPSHOT->com.typesafe.sbt#sbt-play-enhancer;1.1.0 [compile->default(compile)]
== resolving dependencies com.typesafe.sbt#sbt-play-enhancer;1.1.0->com.typesafe.play#play-enhancer;1.1.0 [compile->default(compile)]
== resolving dependencies com.typesafe.sbt#sbt-play-enhancer;1.1.0->com.typesafe.play#play-enhancer;1.1.0 [compile->runtime]
== resolving dependencies com.typesafe.sbt#sbt-play-enhancer;1.1.0->com.typesafe.play#play-enhancer;1.1.0 [compile->compile]
== resolving dependencies com.typesafe.play#play-enhancer;1.1.0->org.javassist#javassist;3.18.2-GA [compile->master(compile)]
== resolving dependencies com.typesafe.play#play-enhancer;1.1.0->org.javassist#javassist;3.18.2-GA [compile->compile(*)]
== resolving dependencies com.typesafe.play#play-enhancer;1.1.0->org.javassist#javassist;3.18.2-GA [runtime->runtime(*)]
== resolving dependencies com.typesafe.play#play-enhancer;1.1.0->org.javassist#javassist;3.18.2-GA [runtime->compile]
== resolving dependencies com.typesafe.sbt#sbt-play-enhancer;1.1.0->com.typesafe.play#play-enhancer;1.1.0 [compile->master]
== resolving dependencies default#javablogs-build;0.1-SNAPSHOT->org.scala-sbt#sbt-core-next;0.1.1 [compile->default(compile)]
== resolving dependencies for default#javablogs-build;0.1-SNAPSHOT [optional]
== resolving dependencies for default#javablogs-build;0.1-SNAPSHOT [provided]
== resolving dependencies default#javablogs-build;0.1-SNAPSHOT->org.scala-lang#scala-library;2.10.4 [provided->default(compile)]
== resolving dependencies default#javablogs-build;0.1-SNAPSHOT->org.scala-lang#scala-library;2.10.4 [provided->runtime]
== resolving dependencies default#javablogs-build;0.1-SNAPSHOT->org.scala-lang#scala-library;2.10.4 [provided->compile]
== resolving dependencies default#javablogs-build;0.1-SNAPSHOT->org.scala-lang#scala-library;2.10.4 [provided->master]
== resolving dependencies default#javablogs-build;0.1-SNAPSHOT->org.scala-sbt#sbt;0.13.8 [provided->default(compile)]
== resolving dependencies org.scala-sbt#sbt;0.13.8->org.scala-lang#scala-library;2.10.4 [compile->default(compile)]
== resolving dependencies org.scala-sbt#sbt;0.13.8->org.scala-lang#scala-library;2.10.4 [compile->runtime]
== resolving dependencies org.scala-sbt#sbt;0.13.8->org.scala-lang#scala-library;2.10.4 [compile->compile]
== resolving dependencies org.scala-sbt#sbt;0.13.8->org.scala-lang#scala-library;2.10.4 [compile->master]
== resolving dependencies org.scala-sbt#sbt;0.13.8->org.scala-sbt#main;0.13.8 [compile->default(compile)]
== resolving dependencies org.scala-sbt#main;0.13.8->org.scala-lang#scala-library;2.10.4 [compile->default(compile)]
== resolving dependencies org.scala-sbt#main;0.13.8->org.scala-lang#scala-library;2.10.4 [compile->runtime]
== resolving dependencies org.scala-sbt#main;0.13.8->org.scala-lang#scala-library;2.10.4 [compile->compile]
== resolving dependencies org.scala-sbt#main;0.13.8->org.scala-lang#scala-library;2.10.4 [compile->master]
== resolving dependencies org.scala-sbt#main;0.13.8->org.scala-sbt#actions;0.13.8 [compile->default(compile)]
== resolving dependencies org.scala-sbt#actions;0.13.8->org.scala-lang#scala-library;2.10.4 [compile->default(compile)]
== resolving dependencies org.scala-sbt#actions;0.13.8->org.scala-lang#scala-library;2.10.4 [compile->runtime]
== resolving dependencies org.scala-sbt#actions;0.13.8->org.scala-lang#scala-library;2.10.4 [compile->compile]
== resolving dependencies org.scala-sbt#actions;0.13.8->org.scala-lang#scala-library;2.10.4 [compile->master]
== resolving dependencies org.scala-sbt#actions;0.13.8->org.scala-sbt#classpath;0.13.8 [compile->default(compile)]
== resolving dependencies org.scala-sbt#classpath;0.13.8->org.scala-lang#scala-compiler;2.10.4 [compile->default(compile)]
== resolving dependencies org.scala-sbt#classpath;0.13.8->org.scala-lang#scala-compiler;2.10.4 [compile->runtime]
== resolving dependencies org.scala-sbt#classpath;0.13.8->org.scala-lang#scala-compiler;2.10.4 [compile->compile]
== resolving dependencies org.scala-sbt#classpath;0.13.8->org.scala-lang#scala-compiler;2.10.4 [compile->master]
== resolving dependencies org.scala-sbt#classpath;0.13.8->org.scala-lang#scala-library;2.10.4 [compile->default(compile)]
== resolving dependencies org.scala-sbt#classpath;0.13.8->org.scala-lang#scala-library;2.10.4 [compile->runtime]
== resolving dependencies org.scala-sbt#classpath;0.13.8->org.scala-lang#scala-library;2.10.4 [compile->compile]
== resolving dependencies org.scala-sbt#classpath;0.13.8->org.scala-lang#scala-library;2.10.4 [compile->master]
== resolving dependencies org.scala-sbt#classpath;0.13.8->org.scala-sbt#launcher-interface;0.13.8 [compile->default(compile)]
== resolving dependencies org.scala-sbt#launcher-interface;0.13.8->org.scala-lang#scala-library;2.10.4 [compile->default(compile)]
== resolving dependencies org.scala-sbt#launcher-interface;0.13.8->org.scala-lang#scala-library;2.10.4 [compile->runtime]
== resolving dependencies org.scala-sbt#launcher-interface;0.13.8->org.scala-lang#scala-library;2.10.4 [compile->compile]
== resolving dependencies org.scala-sbt#launcher-interface;0.13.8->org.scala-lang#scala-library;2.10.4 [compile->master]
== resolving dependencies org.scala-sbt#classpath;0.13.8->org.scala-sbt#interface;0.13.8 [compile->default(compile)]
== resolving dependencies org.scala-sbt#interface;0.13.8->org.scala-lang#scala-library;2.10.4 [compile->default(compile)]
== resolving dependencies org.scala-sbt#interface;0.13.8->org.scala-lang#scala-library;2.10.4 [compile->runtime]
== resolving dependencies org.scala-sbt#interface;0.13.8->org.scala-lang#scala-library;2.10.4 [compile->compile]
== resolving dependencies org.scala-sbt#interface;0.13.8->org.scala-lang#scala-library;2.10.4 [compile->master]
== resolving dependencies org.scala-sbt#classpath;0.13.8->org.scala-sbt#io;0.13.8 [compile->default(compile)]
== resolving dependencies org.scala-sbt#io;0.13.8->org.scala-lang#scala-library;2.10.4 [compile->default(compile)]
== resolving dependencies org.scala-sbt#io;0.13.8->org.scala-lang#scala-library;2.10.4 [compile->runtime]
== resolving dependencies org.scala-sbt#io;0.13.8->org.scala-lang#scala-library;2.10.4 [compile->compile]
== resolving dependencies org.scala-sbt#io;0.13.8->org.scala-lang#scala-library;2.10.4 [compile->master]
== resolving dependencies org.scala-sbt#io;0.13.8->org.scala-sbt#control;0.13.8 [compile->default(compile)]
== resolving dependencies org.scala-sbt#control;0.13.8->org.scala-lang#scala-library;2.10.4 [compile->default(compile)]
== resolving dependencies org.scala-sbt#control;0.13.8->org.scala-lang#scala-library;2.10.4 [compile->runtime]
== resolving dependencies org.scala-sbt#control;0.13.8->org.scala-lang#scala-library;2.10.4 [compile->compile]
== resolving dependencies org.scala-sbt#control;0.13.8->org.scala-lang#scala-library;2.10.4 [compile->master]
== resolving dependencies org.scala-sbt#actions;0.13.8->org.scala-sbt#completion;0.13.8 [compile->default(compile)]
== resolving dependencies org.scala-sbt#completion;0.13.8->org.scala-lang#scala-library;2.10.4 [compile->default(compile)]
== resolving dependencies org.scala-sbt#completion;0.13.8->org.scala-lang#scala-library;2.10.4 [compile->runtime]
== resolving dependencies org.scala-sbt#completion;0.13.8->org.scala-lang#scala-library;2.10.4 [compile->compile]
== resolving dependencies org.scala-sbt#completion;0.13.8->org.scala-lang#scala-library;2.10.4 [compile->master]
== resolving dependencies org.scala-sbt#completion;0.13.8->org.scala-sbt#collections;0.13.8 [compile->default(compile)]
== resolving dependencies org.scala-sbt#collections;0.13.8->org.scala-lang#scala-library;2.10.4 [compile->default(compile)]
== resolving dependencies org.scala-sbt#collections;0.13.8->org.scala-lang#scala-library;2.10.4 [compile->runtime]
== resolving dependencies org.scala-sbt#collections;0.13.8->org.scala-lang#scala-library;2.10.4 [compile->compile]
== resolving dependencies org.scala-sbt#collections;0.13.8->org.scala-lang#scala-library;2.10.4 [compile->master]
== resolving dependencies org.scala-sbt#completion;0.13.8->org.scala-sbt#control;0.13.8 [compile->default(compile)]
== resolving dependencies org.scala-sbt#completion;0.13.8->org.scala-sbt#io;0.13.8 [compile->default(compile)]
== resolving dependencies org.scala-sbt#completion;0.13.8->jline#jline;2.11 [compile->default(compile)]
== resolving dependencies org.scala-sbt#completion;0.13.8->jline#jline;2.11 [compile->runtime]
== resolving dependencies org.scala-sbt#completion;0.13.8->jline#jline;2.11 [compile->compile]
== resolving dependencies org.scala-sbt#completion;0.13.8->jline#jline;2.11 [compile->master]
== resolving dependencies org.scala-sbt#actions;0.13.8->org.scala-sbt#api;0.13.8 [compile->default(compile)]
== resolving dependencies org.scala-sbt#api;0.13.8->org.scala-lang#scala-library;2.10.4 [compile->default(compile)]
== resolving dependencies org.scala-sbt#api;0.13.8->org.scala-lang#scala-library;2.10.4 [compile->runtime]
== resolving dependencies org.scala-sbt#api;0.13.8->org.scala-lang#scala-library;2.10.4 [compile->compile]
== resolving dependencies org.scala-sbt#api;0.13.8->org.scala-lang#scala-library;2.10.4 [compile->master]
== resolving dependencies org.scala-sbt#api;0.13.8->org.scala-sbt#interface;0.13.8 [compile->default(compile)]
== resolving dependencies org.scala-sbt#actions;0.13.8->org.scala-sbt#compiler-integration;0.13.8 [compile->default(compile)]
== resolving dependencies org.scala-sbt#compiler-integration;0.13.8->org.scala-lang#scala-library;2.10.4 [compile->default(compile)]
== resolving dependencies org.scala-sbt#compiler-integration;0.13.8->org.scala-lang#scala-library;2.10.4 [compile->runtime]
== resolving dependencies org.scala-sbt#compiler-integration;0.13.8->org.scala-lang#scala-library;2.10.4 [compile->compile]
== resolving dependencies org.scala-sbt#compiler-integration;0.13.8->org.scala-lang#scala-library;2.10.4 [compile->master]
== resolving dependencies org.scala-sbt#compiler-integration;0.13.8->org.scala-sbt#incremental-compiler;0.13.8 [compile->default(compile)]
== resolving dependencies org.scala-sbt#incremental-compiler;0.13.8->org.scala-lang#scala-library;2.10.4 [compile->default(compile)]
== resolving dependencies org.scala-sbt#incremental-compiler;0.13.8->org.scala-lang#scala-library;2.10.4 [compile->runtime]
== resolving dependencies org.scala-sbt#incremental-compiler;0.13.8->org.scala-lang#scala-library;2.10.4 [compile->compile]
== resolving dependencies org.scala-sbt#incremental-compiler;0.13.8->org.scala-lang#scala-library;2.10.4 [compile->master]
== resolving dependencies org.scala-sbt#incremental-compiler;0.13.8->org.scala-sbt#api;0.13.8 [compile->default(compile)]
== resolving dependencies org.scala-sbt#incremental-compiler;0.13.8->org.scala-sbt#io;0.13.8 [compile->default(compile)]
== resolving dependencies org.scala-sbt#incremental-compiler;0.13.8->org.scala-sbt#logging;0.13.8 [compile->default(compile)]
== resolving dependencies org.scala-sbt#logging;0.13.8->org.scala-lang#scala-library;2.10.4 [compile->default(compile)]
== resolving dependencies org.scala-sbt#logging;0.13.8->org.scala-lang#scala-library;2.10.4 [compile->runtime]
== resolving dependencies org.scala-sbt#logging;0.13.8->org.scala-lang#scala-library;2.10.4 [compile->compile]
== resolving dependencies org.scala-sbt#logging;0.13.8->org.scala-lang#scala-library;2.10.4 [compile->master]
== resolving dependencies org.scala-sbt#logging;0.13.8->org.scala-sbt#interface;0.13.8 [compile->default(compile)]
== resolving dependencies org.scala-sbt#logging;0.13.8->org.scala-sbt#process;0.13.8 [compile->default(compile)]
== resolving dependencies org.scala-sbt#process;0.13.8->org.scala-lang#scala-library;2.10.4 [compile->default(compile)]
== resolving dependencies org.scala-sbt#process;0.13.8->org.scala-lang#scala-library;2.10.4 [compile->runtime]
== resolving dependencies org.scala-sbt#process;0.13.8->org.scala-lang#scala-library;2.10.4 [compile->compile]
== resolving dependencies org.scala-sbt#process;0.13.8->org.scala-lang#scala-library;2.10.4 [compile->master]
== resolving dependencies org.scala-sbt#logging;0.13.8->jline#jline;2.11 [compile->default(compile)]
== resolving dependencies org.scala-sbt#logging;0.13.8->jline#jline;2.11 [compile->runtime]
== resolving dependencies org.scala-sbt#logging;0.13.8->jline#jline;2.11 [compile->compile]
== resolving dependencies org.scala-sbt#logging;0.13.8->jline#jline;2.11 [compile->master]
== resolving dependencies org.scala-sbt#incremental-compiler;0.13.8->org.scala-sbt#classpath;0.13.8 [compile->default(compile)]
== resolving dependencies org.scala-sbt#incremental-compiler;0.13.8->org.scala-sbt#relation;0.13.8 [compile->default(compile)]
== resolving dependencies org.scala-sbt#relation;0.13.8->org.scala-lang#scala-library;2.10.4 [compile->default(compile)]
== resolving dependencies org.scala-sbt#relation;0.13.8->org.scala-lang#scala-library;2.10.4 [compile->runtime]
== resolving dependencies org.scala-sbt#relation;0.13.8->org.scala-lang#scala-library;2.10.4 [compile->compile]
== resolving dependencies org.scala-sbt#relation;0.13.8->org.scala-lang#scala-library;2.10.4 [compile->master]
== resolving dependencies org.scala-sbt#relation;0.13.8->org.scala-sbt#interface;0.13.8 [compile->default(compile)]
== resolving dependencies org.scala-sbt#relation;0.13.8->org.scala-sbt#process;0.13.8 [compile->default(compile)]
== resolving dependencies org.scala-sbt#compiler-integration;0.13.8->org.scala-sbt#compile;0.13.8 [compile->default(compile)]
== resolving dependencies org.scala-sbt#compile;0.13.8->org.scala-lang#scala-library;2.10.4 [compile->default(compile)]
== resolving dependencies org.scala-sbt#compile;0.13.8->org.scala-lang#scala-library;2.10.4 [compile->runtime]
== resolving dependencies org.scala-sbt#compile;0.13.8->org.scala-lang#scala-library;2.10.4 [compile->compile]
== resolving dependencies org.scala-sbt#compile;0.13.8->org.scala-lang#scala-library;2.10.4 [compile->master]
== resolving dependencies org.scala-sbt#compile;0.13.8->org.scala-sbt#launcher-interface;0.13.8 [compile->default(compile)]
== resolving dependencies org.scala-sbt#compile;0.13.8->org.scala-sbt#interface;0.13.8 [compile->default(compile)]
== resolving dependencies org.scala-sbt#compile;0.13.8->org.scala-sbt#logging;0.13.8 [compile->default(compile)]
== resolving dependencies org.scala-sbt#compile;0.13.8->org.scala-sbt#io;0.13.8 [compile->default(compile)]
== resolving dependencies org.scala-sbt#compile;0.13.8->org.scala-sbt#classpath;0.13.8 [compile->default(compile)]
== resolving dependencies org.scala-sbt#compile;0.13.8->org.scala-sbt#api;0.13.8 [compile->default(compile)]
== resolving dependencies org.scala-sbt#compile;0.13.8->org.scala-sbt#classfile;0.13.8 [compile->default(compile)]
== resolving dependencies org.scala-sbt#classfile;0.13.8->org.scala-lang#scala-library;2.10.4 [compile->default(compile)]
== resolving dependencies org.scala-sbt#classfile;0.13.8->org.scala-lang#scala-library;2.10.4 [compile->runtime]
== resolving dependencies org.scala-sbt#classfile;0.13.8->org.scala-lang#scala-library;2.10.4 [compile->compile]
== resolving dependencies org.scala-sbt#classfile;0.13.8->org.scala-lang#scala-library;2.10.4 [compile->master]
== resolving dependencies org.scala-sbt#classfile;0.13.8->org.scala-sbt#io;0.13.8 [compile->default(compile)]
== resolving dependencies org.scala-sbt#classfile;0.13.8->org.scala-sbt#interface;0.13.8 [compile->default(compile)]
== resolving dependencies org.scala-sbt#classfile;0.13.8->org.scala-sbt#logging;0.13.8 [compile->default(compile)]
== resolving dependencies org.scala-sbt#compiler-integration;0.13.8->org.scala-sbt#persist;0.13.8 [compile->default(compile)]
== resolving dependencies org.scala-sbt#persist;0.13.8->org.scala-lang#scala-library;2.10.4 [compile->default(compile)]
== resolving dependencies org.scala-sbt#persist;0.13.8->org.scala-lang#scala-library;2.10.4 [compile->runtime]
== resolving dependencies org.scala-sbt#persist;0.13.8->org.scala-lang#scala-library;2.10.4 [compile->compile]
== resolving dependencies org.scala-sbt#persist;0.13.8->org.scala-lang#scala-library;2.10.4 [compile->master]
== resolving dependencies org.scala-sbt#persist;0.13.8->org.scala-sbt#incremental-compiler;0.13.8 [compile->default(compile)]
== resolving dependencies org.scala-sbt#persist;0.13.8->org.scala-sbt#api;0.13.8 [compile->default(compile)]
== resolving dependencies org.scala-sbt#persist;0.13.8->org.scala-tools.sbinary#sbinary_2.10;0.4.2 [compile->default(compile)]
dependency descriptor has been mediated: dependency: org.scala-lang#scala-library;2.10.2 {compile=[default(compile)]} => dependency: org.scala-lang#scala-library;2.10.4 {compile=[default(compile)]}
== resolving dependencies org.scala-tools.sbinary#sbinary_2.10;0.4.2->org.scala-lang#scala-library;2.10.4 [compile->default(compile)]
dependency descriptor has been mediated: dependency: org.scala-lang#scala-library;2.10.2 {compile=[default(compile)]} => dependency: org.scala-lang#scala-library;2.10.4 {compile=[default(compile)]}
dependency descriptor has been mediated: dependency: org.scala-lang#scala-library;2.10.2 {compile=[default(compile)]} => dependency: org.scala-lang#scala-library;2.10.4 {compile=[default(compile)]}
== resolving dependencies org.scala-tools.sbinary#sbinary_2.10;0.4.2->org.scala-lang#scala-library;2.10.4 [compile->runtime]
== resolving dependencies org.scala-tools.sbinary#sbinary_2.10;0.4.2->org.scala-lang#scala-library;2.10.4 [compile->compile]
== resolving dependencies org.scala-tools.sbinary#sbinary_2.10;0.4.2->org.scala-lang#scala-library;2.10.4 [compile->master]
== resolving dependencies org.scala-sbt#compiler-integration;0.13.8->org.scala-sbt#api;0.13.8 [compile->default(compile)]
== resolving dependencies org.scala-sbt#compiler-integration;0.13.8->org.scala-sbt#classfile;0.13.8 [compile->default(compile)]
== resolving dependencies org.scala-sbt#actions;0.13.8->org.scala-sbt#compiler-ivy-integration;0.13.8 [compile->default(compile)]
== resolving dependencies org.scala-sbt#compiler-ivy-integration;0.13.8->org.scala-lang#scala-library;2.10.4 [compile->default(compile)]
== resolving dependencies org.scala-sbt#compiler-ivy-integration;0.13.8->org.scala-lang#scala-library;2.10.4 [compile->runtime]
== resolving dependencies org.scala-sbt#compiler-ivy-integration;0.13.8->org.scala-lang#scala-library;2.10.4 [compile->compile]
== resolving dependencies org.scala-sbt#compiler-ivy-integration;0.13.8->org.scala-lang#scala-library;2.10.4 [compile->master]
== resolving dependencies org.scala-sbt#compiler-ivy-integration;0.13.8->org.scala-sbt#ivy;0.13.8 [compile->default(compile)]
== resolving dependencies org.scala-sbt#ivy;0.13.8->org.scala-lang#scala-library;2.10.4 [compile->default(compile)]
== resolving dependencies org.scala-sbt#ivy;0.13.8->org.scala-lang#scala-library;2.10.4 [compile->runtime]
== resolving dependencies org.scala-sbt#ivy;0.13.8->org.scala-lang#scala-library;2.10.4 [compile->compile]
== resolving dependencies org.scala-sbt#ivy;0.13.8->org.scala-lang#scala-library;2.10.4 [compile->master]
== resolving dependencies org.scala-sbt#ivy;0.13.8->org.scala-sbt#interface;0.13.8 [compile->default(compile)]
== resolving dependencies org.scala-sbt#ivy;0.13.8->org.scala-sbt#launcher-interface;0.13.8 [compile->default(compile)]
== resolving dependencies org.scala-sbt#ivy;0.13.8->org.scala-sbt#cross;0.13.8 [compile->default(compile)]
== resolving dependencies org.scala-sbt#cross;0.13.8->org.scala-lang#scala-library;2.10.4 [compile->default(compile)]
== resolving dependencies org.scala-sbt#cross;0.13.8->org.scala-lang#scala-library;2.10.4 [compile->runtime]
== resolving dependencies org.scala-sbt#cross;0.13.8->org.scala-lang#scala-library;2.10.4 [compile->compile]
== resolving dependencies org.scala-sbt#cross;0.13.8->org.scala-lang#scala-library;2.10.4 [compile->master]
== resolving dependencies org.scala-sbt#ivy;0.13.8->org.scala-sbt#logging;0.13.8 [compile->default(compile)]
== resolving dependencies org.scala-sbt#ivy;0.13.8->org.scala-sbt#io;0.13.8 [compile->default(compile)]
== resolving dependencies org.scala-sbt#ivy;0.13.8->org.scala-sbt#collections;0.13.8 [compile->default(compile)]
== resolving dependencies org.scala-sbt#ivy;0.13.8->org.scala-sbt.ivy#ivy;2.3.0-sbt-fccfbd44c9f64523b61398a0155784dcbaeae28f [compile->default(compile)]
== resolving dependencies org.scala-sbt#ivy;0.13.8->com.jcraft#jsch;0.1.46 [compile->default(compile)]
== resolving dependencies org.scala-sbt#ivy;0.13.8->com.jcraft#jsch;0.1.46 [compile->runtime]
== resolving dependencies org.scala-sbt#ivy;0.13.8->com.jcraft#jsch;0.1.46 [compile->compile]
== resolving dependencies org.scala-sbt#ivy;0.13.8->com.jcraft#jsch;0.1.46 [compile->master]
== resolving dependencies org.scala-sbt#ivy;0.13.8->org.scala-sbt#serialization_2.10;0.1.1 [compile->default(compile)]
== resolving dependencies org.scala-sbt#serialization_2.10;0.1.1->org.scala-lang#scala-library;2.10.4 [compile->default(compile)]
== resolving dependencies org.scala-sbt#serialization_2.10;0.1.1->org.scala-lang#scala-library;2.10.4 [compile->runtime]
== resolving dependencies org.scala-sbt#serialization_2.10;0.1.1->org.scala-lang#scala-library;2.10.4 [compile->compile]
== resolving dependencies org.scala-sbt#serialization_2.10;0.1.1->org.scala-lang#scala-library;2.10.4 [compile->master]
== resolving dependencies org.scala-sbt#serialization_2.10;0.1.1->org.scala-lang.modules#scala-pickling_2.10;0.10.0 [compile->default(compile)]
== resolving dependencies org.scala-sbt#serialization_2.10;0.1.1->org.scala-lang.modules#scala-pickling_2.10;0.10.0 [compile->runtime]
== resolving dependencies org.scala-sbt#serialization_2.10;0.1.1->org.scala-lang.modules#scala-pickling_2.10;0.10.0 [compile->compile]
== resolving dependencies org.scala-sbt#serialization_2.10;0.1.1->org.scala-lang.modules#scala-pickling_2.10;0.10.0 [compile->master]
== resolving dependencies org.scala-sbt#serialization_2.10;0.1.1->org.json4s#json4s-core_2.10;3.2.10 [compile->default(compile)]
== resolving dependencies org.scala-sbt#serialization_2.10;0.1.1->org.json4s#json4s-core_2.10;3.2.10 [compile->runtime]
== resolving dependencies org.scala-sbt#serialization_2.10;0.1.1->org.json4s#json4s-core_2.10;3.2.10 [compile->compile]
== resolving dependencies org.scala-sbt#serialization_2.10;0.1.1->org.json4s#json4s-core_2.10;3.2.10 [compile->master]
== resolving dependencies org.scala-sbt#serialization_2.10;0.1.1->org.spire-math#jawn-parser_2.10;0.6.0 [compile->default(compile)]
== resolving dependencies org.scala-sbt#serialization_2.10;0.1.1->org.spire-math#jawn-parser_2.10;0.6.0 [compile->runtime]
== resolving dependencies org.scala-sbt#serialization_2.10;0.1.1->org.spire-math#jawn-parser_2.10;0.6.0 [compile->compile]
== resolving dependencies org.scala-sbt#serialization_2.10;0.1.1->org.spire-math#jawn-parser_2.10;0.6.0 [compile->master]
== resolving dependencies org.scala-sbt#serialization_2.10;0.1.1->org.spire-math#json4s-support_2.10;0.6.0 [compile->default(compile)]
== resolving dependencies org.scala-sbt#serialization_2.10;0.1.1->org.spire-math#json4s-support_2.10;0.6.0 [compile->runtime]
== resolving dependencies org.scala-sbt#serialization_2.10;0.1.1->org.spire-math#json4s-support_2.10;0.6.0 [compile->compile]
== resolving dependencies org.scala-sbt#serialization_2.10;0.1.1->org.spire-math#json4s-support_2.10;0.6.0 [compile->master]
== resolving dependencies org.scala-sbt#compiler-ivy-integration;0.13.8->org.scala-sbt#compile;0.13.8 [compile->default(compile)]
== resolving dependencies org.scala-sbt#actions;0.13.8->org.scala-sbt#interface;0.13.8 [compile->default(compile)]
== resolving dependencies org.scala-sbt#actions;0.13.8->org.scala-sbt#io;0.13.8 [compile->default(compile)]
== resolving dependencies org.scala-sbt#actions;0.13.8->org.scala-sbt#ivy;0.13.8 [compile->default(compile)]
== resolving dependencies org.scala-sbt#actions;0.13.8->org.scala-sbt#logging;0.13.8 [compile->default(compile)]
== resolving dependencies org.scala-sbt#actions;0.13.8->org.scala-sbt#process;0.13.8 [compile->default(compile)]
== resolving dependencies org.scala-sbt#actions;0.13.8->org.scala-sbt#run;0.13.8 [compile->default(compile)]
== resolving dependencies org.scala-sbt#run;0.13.8->org.scala-lang#scala-library;2.10.4 [compile->default(compile)]
== resolving dependencies org.scala-sbt#run;0.13.8->org.scala-lang#scala-library;2.10.4 [compile->runtime]
== resolving dependencies org.scala-sbt#run;0.13.8->org.scala-lang#scala-library;2.10.4 [compile->compile]
== resolving dependencies org.scala-sbt#run;0.13.8->org.scala-lang#scala-library;2.10.4 [compile->master]
== resolving dependencies org.scala-sbt#run;0.13.8->org.scala-sbt#io;0.13.8 [compile->default(compile)]
== resolving dependencies org.scala-sbt#run;0.13.8->org.scala-sbt#logging;0.13.8 [compile->default(compile)]
== resolving dependencies org.scala-sbt#run;0.13.8->org.scala-sbt#classpath;0.13.8 [compile->default(compile)]
== resolving dependencies org.scala-sbt#run;0.13.8->org.scala-sbt#process;0.13.8 [compile->default(compile)]
== resolving dependencies org.scala-sbt#actions;0.13.8->org.scala-sbt#relation;0.13.8 [compile->default(compile)]
== resolving dependencies org.scala-sbt#actions;0.13.8->org.scala-sbt#task-system;0.13.8 [compile->default(compile)]
== resolving dependencies org.scala-sbt#task-system;0.13.8->org.scala-lang#scala-library;2.10.4 [compile->default(compile)]
== resolving dependencies org.scala-sbt#task-system;0.13.8->org.scala-lang#scala-library;2.10.4 [compile->runtime]
== resolving dependencies org.scala-sbt#task-system;0.13.8->org.scala-lang#scala-library;2.10.4 [compile->compile]
== resolving dependencies org.scala-sbt#task-system;0.13.8->org.scala-lang#scala-library;2.10.4 [compile->master]
== resolving dependencies org.scala-sbt#task-system;0.13.8->org.scala-sbt#tasks;0.13.8 [compile->default(compile)]
== resolving dependencies org.scala-sbt#tasks;0.13.8->org.scala-lang#scala-library;2.10.4 [compile->default(compile)]
== resolving dependencies org.scala-sbt#tasks;0.13.8->org.scala-lang#scala-library;2.10.4 [compile->runtime]
== resolving dependencies org.scala-sbt#tasks;0.13.8->org.scala-lang#scala-library;2.10.4 [compile->compile]
== resolving dependencies org.scala-sbt#tasks;0.13.8->org.scala-lang#scala-library;2.10.4 [compile->master]
== resolving dependencies org.scala-sbt#tasks;0.13.8->org.scala-sbt#control;0.13.8 [compile->default(compile)]
== resolving dependencies org.scala-sbt#tasks;0.13.8->org.scala-sbt#collections;0.13.8 [compile->default(compile)]
== resolving dependencies org.scala-sbt#task-system;0.13.8->org.scala-sbt#collections;0.13.8 [compile->default(compile)]
== resolving dependencies org.scala-sbt#task-system;0.13.8->org.scala-sbt#logging;0.13.8 [compile->default(compile)]
== resolving dependencies org.scala-sbt#task-system;0.13.8->org.scala-sbt#io;0.13.8 [compile->default(compile)]
== resolving dependencies org.scala-sbt#task-system;0.13.8->org.scala-sbt#process;0.13.8 [compile->default(compile)]
== resolving dependencies org.scala-sbt#actions;0.13.8->org.scala-sbt#tasks;0.13.8 [compile->default(compile)]
== resolving dependencies org.scala-sbt#actions;0.13.8->org.scala-sbt#tracking;0.13.8 [compile->default(compile)]
== resolving dependencies org.scala-sbt#tracking;0.13.8->org.scala-lang#scala-library;2.10.4 [compile->default(compile)]
== resolving dependencies org.scala-sbt#tracking;0.13.8->org.scala-lang#scala-library;2.10.4 [compile->runtime]
== resolving dependencies org.scala-sbt#tracking;0.13.8->org.scala-lang#scala-library;2.10.4 [compile->compile]
== resolving dependencies org.scala-sbt#tracking;0.13.8->org.scala-lang#scala-library;2.10.4 [compile->master]
== resolving dependencies org.scala-sbt#tracking;0.13.8->org.scala-sbt#cache;0.13.8 [compile->default(compile)]
== resolving dependencies org.scala-sbt#cache;0.13.8->org.scala-lang#scala-library;2.10.4 [compile->default(compile)]
== resolving dependencies org.scala-sbt#cache;0.13.8->org.scala-lang#scala-library;2.10.4 [compile->runtime]
== resolving dependencies org.scala-sbt#cache;0.13.8->org.scala-lang#scala-library;2.10.4 [compile->compile]
== resolving dependencies org.scala-sbt#cache;0.13.8->org.scala-lang#scala-library;2.10.4 [compile->master]
== resolving dependencies org.scala-sbt#cache;0.13.8->org.scala-sbt#io;0.13.8 [compile->default(compile)]
== resolving dependencies org.scala-sbt#cache;0.13.8->org.scala-sbt#collections;0.13.8 [compile->default(compile)]
== resolving dependencies org.scala-sbt#cache;0.13.8->org.scala-tools.sbinary#sbinary_2.10;0.4.2 [compile->default(compile)]
== resolving dependencies org.scala-sbt#cache;0.13.8->org.scala-sbt#serialization_2.10;0.1.1 [compile->default(compile)]
== resolving dependencies org.scala-sbt#tracking;0.13.8->org.scala-sbt#io;0.13.8 [compile->default(compile)]
== resolving dependencies org.scala-sbt#actions;0.13.8->org.scala-sbt#testing;0.13.8 [compile->default(compile)]
== resolving dependencies org.scala-sbt#testing;0.13.8->org.scala-lang#scala-library;2.10.4 [compile->default(compile)]
== resolving dependencies org.scala-sbt#testing;0.13.8->org.scala-lang#scala-library;2.10.4 [compile->runtime]
== resolving dependencies org.scala-sbt#testing;0.13.8->org.scala-lang#scala-library;2.10.4 [compile->compile]
== resolving dependencies org.scala-sbt#testing;0.13.8->org.scala-lang#scala-library;2.10.4 [compile->master]
== resolving dependencies org.scala-sbt#testing;0.13.8->org.scala-sbt#io;0.13.8 [compile->default(compile)]
== resolving dependencies org.scala-sbt#testing;0.13.8->org.scala-sbt#classpath;0.13.8 [compile->default(compile)]
== resolving dependencies org.scala-sbt#testing;0.13.8->org.scala-sbt#logging;0.13.8 [compile->default(compile)]
== resolving dependencies org.scala-sbt#testing;0.13.8->org.scala-sbt#launcher-interface;0.13.8 [compile->default(compile)]
== resolving dependencies org.scala-sbt#testing;0.13.8->org.scala-sbt#test-agent;0.13.8 [compile->default(compile)]
== resolving dependencies org.scala-sbt#test-agent;0.13.8->org.scala-lang#scala-library;2.10.4 [compile->default(compile)]
== resolving dependencies org.scala-sbt#test-agent;0.13.8->org.scala-lang#scala-library;2.10.4 [compile->runtime]
== resolving dependencies org.scala-sbt#test-agent;0.13.8->org.scala-lang#scala-library;2.10.4 [compile->compile]
== resolving dependencies org.scala-sbt#test-agent;0.13.8->org.scala-lang#scala-library;2.10.4 [compile->master]
== resolving dependencies org.scala-sbt#test-agent;0.13.8->org.scala-sbt#test-interface;1.0 [compile->default(compile)]
== resolving dependencies org.scala-sbt#test-agent;0.13.8->org.scala-sbt#test-interface;1.0 [compile->runtime]
== resolving dependencies org.scala-sbt#test-agent;0.13.8->org.scala-sbt#test-interface;1.0 [compile->compile]
== resolving dependencies org.scala-sbt#test-agent;0.13.8->org.scala-sbt#test-interface;1.0 [compile->master]
== resolving dependencies org.scala-sbt#testing;0.13.8->org.scala-sbt#test-interface;1.0 [compile->default(compile)]
== resolving dependencies org.scala-sbt#testing;0.13.8->org.scala-sbt#test-interface;1.0 [compile->runtime]
== resolving dependencies org.scala-sbt#testing;0.13.8->org.scala-sbt#test-interface;1.0 [compile->compile]
== resolving dependencies org.scala-sbt#testing;0.13.8->org.scala-sbt#test-interface;1.0 [compile->master]
== resolving dependencies org.scala-sbt#main;0.13.8->org.scala-sbt#main-settings;0.13.8 [compile->default(compile)]
== resolving dependencies org.scala-sbt#main-settings;0.13.8->org.scala-lang#scala-library;2.10.4 [compile->default(compile)]
== resolving dependencies org.scala-sbt#main-settings;0.13.8->org.scala-lang#scala-library;2.10.4 [compile->runtime]
== resolving dependencies org.scala-sbt#main-settings;0.13.8->org.scala-lang#scala-library;2.10.4 [compile->compile]
== resolving dependencies org.scala-sbt#main-settings;0.13.8->org.scala-lang#scala-library;2.10.4 [compile->master]
== resolving dependencies org.scala-sbt#main-settings;0.13.8->org.scala-sbt#apply-macro;0.13.8 [compile->default(compile)]
== resolving dependencies org.scala-sbt#apply-macro;0.13.8->org.scala-lang#scala-compiler;2.10.4 [compile->default(compile)]
== resolving dependencies org.scala-sbt#apply-macro;0.13.8->org.scala-lang#scala-compiler;2.10.4 [compile->runtime]
== resolving dependencies org.scala-sbt#apply-macro;0.13.8->org.scala-lang#scala-compiler;2.10.4 [compile->compile]
== resolving dependencies org.scala-sbt#apply-macro;0.13.8->org.scala-lang#scala-compiler;2.10.4 [compile->master]
== resolving dependencies org.scala-sbt#apply-macro;0.13.8->org.scala-lang#scala-library;2.10.4 [compile->default(compile)]
== resolving dependencies org.scala-sbt#apply-macro;0.13.8->org.scala-lang#scala-library;2.10.4 [compile->runtime]
== resolving dependencies org.scala-sbt#apply-macro;0.13.8->org.scala-lang#scala-library;2.10.4 [compile->compile]
== resolving dependencies org.scala-sbt#apply-macro;0.13.8->org.scala-lang#scala-library;2.10.4 [compile->master]
== resolving dependencies org.scala-sbt#apply-macro;0.13.8->org.scala-sbt#collections;0.13.8 [compile->default(compile)]
== resolving dependencies org.scala-sbt#main-settings;0.13.8->org.scala-sbt#interface;0.13.8 [compile->default(compile)]
== resolving dependencies org.scala-sbt#main-settings;0.13.8->org.scala-sbt#ivy;0.13.8 [compile->default(compile)]
== resolving dependencies org.scala-sbt#main-settings;0.13.8->org.scala-sbt#relation;0.13.8 [compile->default(compile)]
== resolving dependencies org.scala-sbt#main-settings;0.13.8->org.scala-sbt#logging;0.13.8 [compile->default(compile)]
== resolving dependencies org.scala-sbt#main-settings;0.13.8->org.scala-sbt#io;0.13.8 [compile->default(compile)]
== resolving dependencies org.scala-sbt#main-settings;0.13.8->org.scala-sbt#command;0.13.8 [compile->default(compile)]
== resolving dependencies org.scala-sbt#command;0.13.8->org.scala-lang#scala-library;2.10.4 [compile->default(compile)]
== resolving dependencies org.scala-sbt#command;0.13.8->org.scala-lang#scala-library;2.10.4 [compile->runtime]
== resolving dependencies org.scala-sbt#command;0.13.8->org.scala-lang#scala-library;2.10.4 [compile->compile]
== resolving dependencies org.scala-sbt#command;0.13.8->org.scala-lang#scala-library;2.10.4 [compile->master]
== resolving dependencies org.scala-sbt#command;0.13.8->org.scala-sbt#interface;0.13.8 [compile->default(compile)]
== resolving dependencies org.scala-sbt#command;0.13.8->org.scala-sbt#io;0.13.8 [compile->default(compile)]
== resolving dependencies org.scala-sbt#command;0.13.8->org.scala-sbt#launcher-interface;0.13.8 [compile->default(compile)]
== resolving dependencies org.scala-sbt#command;0.13.8->org.scala-sbt#logging;0.13.8 [compile->default(compile)]
== resolving dependencies org.scala-sbt#command;0.13.8->org.scala-sbt#completion;0.13.8 [compile->default(compile)]
== resolving dependencies org.scala-sbt#command;0.13.8->org.scala-sbt#classpath;0.13.8 [compile->default(compile)]
== resolving dependencies org.scala-sbt#command;0.13.8->org.scala-sbt#cross;0.13.8 [compile->default(compile)]
== resolving dependencies org.scala-sbt#main-settings;0.13.8->org.scala-sbt#completion;0.13.8 [compile->default(compile)]
== resolving dependencies org.scala-sbt#main-settings;0.13.8->org.scala-sbt#classpath;0.13.8 [compile->default(compile)]
== resolving dependencies org.scala-sbt#main-settings;0.13.8->org.scala-sbt#task-system;0.13.8 [compile->default(compile)]
== resolving dependencies org.scala-sbt#main-settings;0.13.8->org.scala-sbt#process;0.13.8 [compile->default(compile)]
== resolving dependencies org.scala-sbt#main-settings;0.13.8->org.scala-tools.sbinary#sbinary_2.10;0.4.2 [compile->default(compile)]
== resolving dependencies org.scala-sbt#main;0.13.8->org.scala-sbt#interface;0.13.8 [compile->default(compile)]
== resolving dependencies org.scala-sbt#main;0.13.8->org.scala-sbt#io;0.13.8 [compile->default(compile)]
== resolving dependencies org.scala-sbt#main;0.13.8->org.scala-sbt#ivy;0.13.8 [compile->default(compile)]
== resolving dependencies org.scala-sbt#main;0.13.8->org.scala-sbt#launcher-interface;0.13.8 [compile->default(compile)]
== resolving dependencies org.scala-sbt#main;0.13.8->org.scala-sbt#logging;0.13.8 [compile->default(compile)]
== resolving dependencies org.scala-sbt#main;0.13.8->org.scala-sbt#logic;0.13.8 [compile->default(compile)]
== resolving dependencies org.scala-sbt#logic;0.13.8->org.scala-lang#scala-library;2.10.4 [compile->default(compile)]
== resolving dependencies org.scala-sbt#logic;0.13.8->org.scala-lang#scala-library;2.10.4 [compile->runtime]
== resolving dependencies org.scala-sbt#logic;0.13.8->org.scala-lang#scala-library;2.10.4 [compile->compile]
== resolving dependencies org.scala-sbt#logic;0.13.8->org.scala-lang#scala-library;2.10.4 [compile->master]
== resolving dependencies org.scala-sbt#logic;0.13.8->org.scala-sbt#collections;0.13.8 [compile->default(compile)]
== resolving dependencies org.scala-sbt#logic;0.13.8->org.scala-sbt#relation;0.13.8 [compile->default(compile)]
== resolving dependencies org.scala-sbt#main;0.13.8->org.scala-sbt#process;0.13.8 [compile->default(compile)]
== resolving dependencies org.scala-sbt#main;0.13.8->org.scala-sbt#run;0.13.8 [compile->default(compile)]
== resolving dependencies org.scala-sbt#main;0.13.8->org.scala-sbt#command;0.13.8 [compile->default(compile)]
== resolving dependencies org.scala-sbt#sbt;0.13.8->org.scala-sbt#compiler-interface;0.13.8 [compile->default(compile)]
== resolving dependencies org.scala-sbt#compiler-interface;0.13.8->org.scala-lang#scala-library;2.10.4 [compile->default(compile)]
== resolving dependencies org.scala-sbt#compiler-interface;0.13.8->org.scala-lang#scala-library;2.10.4 [compile->runtime]
== resolving dependencies org.scala-sbt#compiler-interface;0.13.8->org.scala-lang#scala-library;2.10.4 [compile->compile]
== resolving dependencies org.scala-sbt#compiler-interface;0.13.8->org.scala-lang#scala-library;2.10.4 [compile->master]
== resolving dependencies org.scala-sbt#compiler-interface;0.13.8->org.scala-sbt#interface;0.13.8 [compile->default(compile)]
== resolving dependencies org.scala-sbt#sbt;0.13.8->org.scala-sbt#precompiled-2_8_2;0.13.8 [compile->default(compile)]
dependency descriptor has been mediated: dependency: org.scala-lang#scala-compiler;2.8.2 {provided=[default(compile)]} => dependency: org.scala-lang#scala-compiler;2.10.4 {provided=[default(compile)]}
dependency descriptor has been mediated: dependency: org.scala-lang#scala-library;2.8.2 {compile=[default(compile)]} => dependency: org.scala-lang#scala-library;2.10.4 {compile=[default(compile)]}
== resolving dependencies org.scala-sbt#precompiled-2_8_2;0.13.8->org.scala-lang#scala-library;2.10.4 [compile->default(compile)]
dependency descriptor has been mediated: dependency: org.scala-lang#scala-compiler;2.8.2 {provided=[default(compile)]} => dependency: org.scala-lang#scala-compiler;2.10.4 {provided=[default(compile)]}
dependency descriptor has been mediated: dependency: org.scala-lang#scala-library;2.8.2 {compile=[default(compile)]} => dependency: org.scala-lang#scala-library;2.10.4 {compile=[default(compile)]}
dependency descriptor has been mediated: dependency: org.scala-lang#scala-compiler;2.8.2 {provided=[default(compile)]} => dependency: org.scala-lang#scala-compiler;2.10.4 {provided=[default(compile)]}
dependency descriptor has been mediated: dependency: org.scala-lang#scala-library;2.8.2 {compile=[default(compile)]} => dependency: org.scala-lang#scala-library;2.10.4 {compile=[default(compile)]}
== resolving dependencies org.scala-sbt#precompiled-2_8_2;0.13.8->org.scala-lang#scala-library;2.10.4 [compile->runtime]
== resolving dependencies org.scala-sbt#precompiled-2_8_2;0.13.8->org.scala-lang#scala-library;2.10.4 [compile->compile]
== resolving dependencies org.scala-sbt#precompiled-2_8_2;0.13.8->org.scala-lang#scala-library;2.10.4 [compile->master]
== resolving dependencies org.scala-sbt#precompiled-2_8_2;0.13.8->org.scala-sbt#interface;0.13.8 [compile->default(compile)]
dependency descriptor has been mediated: dependency: org.scala-lang#scala-compiler;2.8.2 {provided=[default(compile)]} => dependency: org.scala-lang#scala-compiler;2.10.4 {provided=[default(compile)]}
dependency descriptor has been mediated: dependency: org.scala-lang#scala-library;2.8.2 {compile=[default(compile)]} => dependency: org.scala-lang#scala-library;2.10.4 {compile=[default(compile)]}
dependency descriptor has been mediated: dependency: org.scala-lang#scala-compiler;2.8.2 {provided=[default(compile)]} => dependency: org.scala-lang#scala-compiler;2.10.4 {provided=[default(compile)]}
dependency descriptor has been mediated: dependency: org.scala-lang#scala-library;2.8.2 {compile=[default(compile)]} => dependency: org.scala-lang#scala-library;2.10.4 {compile=[default(compile)]}
== resolving dependencies org.scala-sbt#sbt;0.13.8->org.scala-sbt#precompiled-2_9_2;0.13.8 [compile->default(compile)]
dependency descriptor has been mediated: dependency: org.scala-lang#scala-compiler;2.9.2 {provided=[default(compile)]} => dependency: org.scala-lang#scala-compiler;2.10.4 {provided=[default(compile)]}
dependency descriptor has been mediated: dependency: org.scala-lang#scala-library;2.9.2 {compile=[default(compile)]} => dependency: org.scala-lang#scala-library;2.10.4 {compile=[default(compile)]}
== resolving dependencies org.scala-sbt#precompiled-2_9_2;0.13.8->org.scala-lang#scala-library;2.10.4 [compile->default(compile)]
dependency descriptor has been mediated: dependency: org.scala-lang#scala-compiler;2.9.2 {provided=[default(compile)]} => dependency: org.scala-lang#scala-compiler;2.10.4 {provided=[default(compile)]}
dependency descriptor has been mediated: dependency: org.scala-lang#scala-library;2.9.2 {compile=[default(compile)]} => dependency: org.scala-lang#scala-library;2.10.4 {compile=[default(compile)]}
dependency descriptor has been mediated: dependency: org.scala-lang#scala-compiler;2.9.2 {provided=[default(compile)]} => dependency: org.scala-lang#scala-compiler;2.10.4 {provided=[default(compile)]}
dependency descriptor has been mediated: dependency: org.scala-lang#scala-library;2.9.2 {compile=[default(compile)]} => dependency: org.scala-lang#scala-library;2.10.4 {compile=[default(compile)]}
== resolving dependencies org.scala-sbt#precompiled-2_9_2;0.13.8->org.scala-lang#scala-library;2.10.4 [compile->runtime]
== resolving dependencies org.scala-sbt#precompiled-2_9_2;0.13.8->org.scala-lang#scala-library;2.10.4 [compile->compile]
== resolving dependencies org.scala-sbt#precompiled-2_9_2;0.13.8->org.scala-lang#scala-library;2.10.4 [compile->master]
== resolving dependencies org.scala-sbt#precompiled-2_9_2;0.13.8->org.scala-sbt#interface;0.13.8 [compile->default(compile)]
dependency descriptor has been mediated: dependency: org.scala-lang#scala-compiler;2.9.2 {provided=[default(compile)]} => dependency: org.scala-lang#scala-compiler;2.10.4 {provided=[default(compile)]}
dependency descriptor has been mediated: dependency: org.scala-lang#scala-library;2.9.2 {compile=[default(compile)]} => dependency: org.scala-lang#scala-library;2.10.4 {compile=[default(compile)]}
dependency descriptor has been mediated: dependency: org.scala-lang#scala-compiler;2.9.2 {provided=[default(compile)]} => dependency: org.scala-lang#scala-compiler;2.10.4 {provided=[default(compile)]}
dependency descriptor has been mediated: dependency: org.scala-lang#scala-library;2.9.2 {compile=[default(compile)]} => dependency: org.scala-lang#scala-library;2.10.4 {compile=[default(compile)]}
== resolving dependencies org.scala-sbt#sbt;0.13.8->org.scala-sbt#precompiled-2_9_3;0.13.8 [compile->default(compile)]
dependency descriptor has been mediated: dependency: org.scala-lang#scala-compiler;2.9.3 {provided=[default(compile)]} => dependency: org.scala-lang#scala-compiler;2.10.4 {provided=[default(compile)]}
dependency descriptor has been mediated: dependency: org.scala-lang#scala-library;2.9.3 {compile=[default(compile)]} => dependency: org.scala-lang#scala-library;2.10.4 {compile=[default(compile)]}
== resolving dependencies org.scala-sbt#precompiled-2_9_3;0.13.8->org.scala-lang#scala-library;2.10.4 [compile->default(compile)]
dependency descriptor has been mediated: dependency: org.scala-lang#scala-compiler;2.9.3 {provided=[default(compile)]} => dependency: org.scala-lang#scala-compiler;2.10.4 {provided=[default(compile)]}
dependency descriptor has been mediated: dependency: org.scala-lang#scala-library;2.9.3 {compile=[default(compile)]} => dependency: org.scala-lang#scala-library;2.10.4 {compile=[default(compile)]}
dependency descriptor has been mediated: dependency: org.scala-lang#scala-compiler;2.9.3 {provided=[default(compile)]} => dependency: org.scala-lang#scala-compiler;2.10.4 {provided=[default(compile)]}
dependency descriptor has been mediated: dependency: org.scala-lang#scala-library;2.9.3 {compile=[default(compile)]} => dependency: org.scala-lang#scala-library;2.10.4 {compile=[default(compile)]}
== resolving dependencies org.scala-sbt#precompiled-2_9_3;0.13.8->org.scala-lang#scala-library;2.10.4 [compile->runtime]
== resolving dependencies org.scala-sbt#precompiled-2_9_3;0.13.8->org.scala-lang#scala-library;2.10.4 [compile->compile]
== resolving dependencies org.scala-sbt#precompiled-2_9_3;0.13.8->org.scala-lang#scala-library;2.10.4 [compile->master]
== resolving dependencies org.scala-sbt#precompiled-2_9_3;0.13.8->org.scala-sbt#interface;0.13.8 [compile->default(compile)]
dependency descriptor has been mediated: dependency: org.scala-lang#scala-compiler;2.9.3 {provided=[default(compile)]} => dependency: org.scala-lang#scala-compiler;2.10.4 {provided=[default(compile)]}
dependency descriptor has been mediated: dependency: org.scala-lang#scala-library;2.9.3 {compile=[default(compile)]} => dependency: org.scala-lang#scala-library;2.10.4 {compile=[default(compile)]}
dependency descriptor has been mediated: dependency: org.scala-lang#scala-compiler;2.9.3 {provided=[default(compile)]} => dependency: org.scala-lang#scala-compiler;2.10.4 {provided=[default(compile)]}
dependency descriptor has been mediated: dependency: org.scala-lang#scala-library;2.9.3 {compile=[default(compile)]} => dependency: org.scala-lang#scala-library;2.10.4 {compile=[default(compile)]}
resolving dependencies for configuration 'plugin'
== resolving dependencies for default#javablogs-build;0.1-SNAPSHOT [plugin]
resolving dependencies for configuration 'sources'
== resolving dependencies for default#javablogs-build;0.1-SNAPSHOT [sources]
resolving dependencies for configuration 'docs'
== resolving dependencies for default#javablogs-build;0.1-SNAPSHOT [docs]
resolving dependencies for configuration 'pom'
== resolving dependencies for default#javablogs-build;0.1-SNAPSHOT [pom]
resolving dependencies for configuration 'scala-tool'
== resolving dependencies for default#javablogs-build;0.1-SNAPSHOT [scala-tool]
== resolving dependencies default#javablogs-build;0.1-SNAPSHOT->org.scala-lang#scala-compiler;2.10.4 [scala-tool->default]
== resolving dependencies default#javablogs-build;0.1-SNAPSHOT->org.scala-lang#scala-compiler;2.10.4 [scala-tool->runtime]
== resolving dependencies default#javablogs-build;0.1-SNAPSHOT->org.scala-lang#scala-compiler;2.10.4 [scala-tool->compile]
== resolving dependencies org.scala-lang#scala-compiler;2.10.4->org.scala-lang#scala-library;2.10.4 [compile->master(compile)]
== resolving dependencies org.scala-lang#scala-compiler;2.10.4->org.scala-lang#scala-library;2.10.4 [compile->compile(*)]
== resolving dependencies org.scala-lang#scala-compiler;2.10.4->org.scala-lang#scala-library;2.10.4 [compile->default]
== resolving dependencies org.scala-lang#scala-compiler;2.10.4->org.scala-lang#scala-library;2.10.4 [compile->runtime]
== resolving dependencies org.scala-lang#scala-compiler;2.10.4->org.scala-lang#scala-library;2.10.4 [compile->compile]
== resolving dependencies org.scala-lang#scala-compiler;2.10.4->org.scala-lang#scala-library;2.10.4 [compile->master]
== resolving dependencies org.scala-lang#scala-compiler;2.10.4->org.scala-lang#scala-library;2.10.4 [compile->optional(default)]
== resolving dependencies org.scala-lang#scala-compiler;2.10.4->org.scala-lang#scala-reflect;2.10.4 [compile->master(compile)]
== resolving dependencies org.scala-lang#scala-compiler;2.10.4->org.scala-lang#scala-reflect;2.10.4 [compile->compile(*)]
== resolving dependencies org.scala-lang#scala-reflect;2.10.4->org.scala-lang#scala-library;2.10.4 [compile->master(compile)]
== resolving dependencies org.scala-lang#scala-reflect;2.10.4->org.scala-lang#scala-library;2.10.4 [compile->compile(*)]
== resolving dependencies org.scala-lang#scala-compiler;2.10.4->org.scala-lang#scala-library;2.10.4 [runtime->runtime(*)]
== resolving dependencies org.scala-lang#scala-compiler;2.10.4->org.scala-lang#scala-library;2.10.4 [runtime->compile]
== resolving dependencies org.scala-lang#scala-compiler;2.10.4->org.scala-lang#scala-reflect;2.10.4 [runtime->runtime(*)]
== resolving dependencies org.scala-lang#scala-compiler;2.10.4->org.scala-lang#scala-reflect;2.10.4 [runtime->compile]
== resolving dependencies org.scala-lang#scala-reflect;2.10.4->org.scala-lang#scala-library;2.10.4 [runtime->runtime(*)]
== resolving dependencies org.scala-lang#scala-reflect;2.10.4->org.scala-lang#scala-library;2.10.4 [runtime->compile]
== resolving dependencies default#javablogs-build;0.1-SNAPSHOT->org.scala-lang#scala-compiler;2.10.4 [scala-tool->master]
== resolving dependencies default#javablogs-build;0.1-SNAPSHOT->org.scala-lang#scala-compiler;2.10.4 [scala-tool->optional(default)]
== resolving dependencies org.scala-lang#scala-compiler;2.10.4->org.scala-lang#jline;2.10.4 [optional->master(compile)]
[A[2K[info] Resolving org.scala-lang#jline;2.10.4 ...
Resolving org.scala-lang#jline;2.10.4 ...
sbt-chain: Checking cache for: dependency: org.scala-lang#jline;2.10.4 {optional=[compile(*), master(compile)]}
sbt-chain: module revision found in cache: org.scala-lang#jline;2.10.4
	found org.scala-lang#jline;2.10.4 in sbt-chain
== resolving dependencies org.scala-lang#scala-compiler;2.10.4->org.scala-lang#jline;2.10.4 [optional->compile(*)]
== resolving dependencies org.scala-lang#jline;2.10.4->org.fusesource.jansi#jansi;1.4 [compile->master(compile)]
[A[2K[info] Resolving org.fusesource.jansi#jansi;1.4 ...
Resolving org.fusesource.jansi#jansi;1.4 ...
sbt-chain: Checking cache for: dependency: org.fusesource.jansi#jansi;1.4 {compile=[compile(*), master(compile)], runtime=[runtime(*)]}
sbt-chain: module revision found in cache: org.fusesource.jansi#jansi;1.4
	found org.fusesource.jansi#jansi;1.4 in sbt-chain
== resolving dependencies org.scala-lang#jline;2.10.4->org.fusesource.jansi#jansi;1.4 [compile->compile(*)]
== resolving dependencies default#javablogs-build;0.1-SNAPSHOT->org.scala-lang#scala-library;2.10.4 [scala-tool->default]
== resolving dependencies default#javablogs-build;0.1-SNAPSHOT->org.scala-lang#scala-library;2.10.4 [scala-tool->runtime]
== resolving dependencies default#javablogs-build;0.1-SNAPSHOT->org.scala-lang#scala-library;2.10.4 [scala-tool->compile]
== resolving dependencies default#javablogs-build;0.1-SNAPSHOT->org.scala-lang#scala-library;2.10.4 [scala-tool->master]
== resolving dependencies default#javablogs-build;0.1-SNAPSHOT->org.scala-lang#scala-library;2.10.4 [scala-tool->optional(default)]
all callers are evicted for org.tukaani#xz;1.4: evicting too
all callers are evicted for org.tukaani#xz;1.4: evicting too
all callers are evicted for org.tukaani#xz;1.4: evicting too
all callers are evicted for org.tukaani#xz;1.4: evicting too
all callers are evicted for org.tukaani#xz;1.4: evicting too
all callers are evicted for org.tukaani#xz;1.4: evicting too
all callers are evicted for org.scala-sbt#control;0.13.8-M3: evicting too
all callers are evicted for org.scala-sbt#control;0.13.8-M3: evicting too
	resolved ivy file produced in cache
:: downloading artifacts ::
		tried https://repo.scala-sbt.org/scalasbt/sbt-plugin-releases/com.typesafe.play/sbt-fork-run-plugin/scala_2.10/sbt_0.13/2.5.6/jars/sbt-fork-run-plugin.jar
[info] downloading https://repo.scala-sbt.org/scalasbt/sbt-plugin-releases/com.typesafe.play/sbt-fork-run-plugin/scala_2.10/sbt_0.13/2.5.6/jars/sbt-fork-run-plugin.jar ...
downloading https://repo.scala-sbt.org/scalasbt/sbt-plugin-releases/com.typesafe.play/sbt-fork-run-plugin/scala_2.10/sbt_0.13/2.5.6/jars/sbt-fork-run-plugin.jar ...
	sbt-plugin-releases: downloading https://repo.scala-sbt.org/scalasbt/sbt-plugin-releases/com.typesafe.play/sbt-fork-run-plugin/scala_2.10/sbt_0.13/2.5.6/jars/sbt-fork-run-plugin.jar
	sbt-plugin-releases: downloading https://repo.scala-sbt.org/scalasbt/sbt-plugin-releases/com.typesafe.play/sbt-fork-run-plugin/scala_2.10/sbt_0.13/2.5.6/jars/sbt-fork-run-plugin.jar.sha1
sha1 OK for https://repo.scala-sbt.org/scalasbt/sbt-plugin-releases/com.typesafe.play/sbt-fork-run-plugin/scala_2.10/sbt_0.13/2.5.6/jars/sbt-fork-run-plugin.jar
[info] 	[SUCCESSFUL ] com.typesafe.play#sbt-fork-run-plugin;2.5.6!sbt-fork-run-plugin.jar (2762ms)
	[SUCCESSFUL ] com.typesafe.play#sbt-fork-run-plugin;2.5.6!sbt-fork-run-plugin.jar (2762ms)
	[NOT REQUIRED] com.typesafe.play#sbt-plugin;2.5.6!sbt-plugin.jar
	[NOT REQUIRED] com.typesafe.sbt#sbt-coffeescript;1.0.0!sbt-coffeescript.jar
	[NOT REQUIRED] com.typesafe.sbt#sbt-less;1.1.0!sbt-less.jar
	[NOT REQUIRED] com.typesafe.sbt#sbt-jshint;1.0.3!sbt-jshint.jar
	[NOT REQUIRED] com.typesafe.sbt#sbt-rjs;1.0.7!sbt-rjs.jar
	[NOT REQUIRED] com.typesafe.sbt#sbt-digest;1.1.0!sbt-digest.jar
	[NOT REQUIRED] com.typesafe.sbt#sbt-mocha;1.1.0!sbt-mocha.jar
	[NOT REQUIRED] org.irundaia.sbt#sbt-sassify;1.4.2!sbt-sassify.jar
	[NOT REQUIRED] com.typesafe.sbt#sbt-play-enhancer;1.1.0!sbt-play-enhancer.jar
		tried https://repo.typesafe.com/typesafe/ivy-releases/org.scala-sbt/sbt-core-next/scala_2.10/sbt_0.13/0.1.1/jars/sbt-core-next.jar
[info] downloading https://repo.typesafe.com/typesafe/ivy-releases/org.scala-sbt/sbt-core-next/scala_2.10/sbt_0.13/0.1.1/jars/sbt-core-next.jar ...
downloading https://repo.typesafe.com/typesafe/ivy-releases/org.scala-sbt/sbt-core-next/scala_2.10/sbt_0.13/0.1.1/jars/sbt-core-next.jar ...
	typesafe-ivy-releases: downloading https://repo.typesafe.com/typesafe/ivy-releases/org.scala-sbt/sbt-core-next/scala_2.10/sbt_0.13/0.1.1/jars/sbt-core-next.jar
